::1 - - [11/Jun/2021:21:47:12 +0000] "POST / HTTP/1.1" 404 140 "-" "Mozilla/5.0 (Windows NT 10.0; Win64; x64) AppleWebKit/537.36 (KHTML, like Gecko) Chrome/91.0.4472.101 Safari/537.36"
::1 - - [11/Jun/2021:21:49:18 +0000] "POST / HTTP/1.1" 404 140 "-" "Mozilla/5.0 (Windows NT 10.0; Win64; x64) AppleWebKit/537.36 (KHTML, like Gecko) Chrome/91.0.4472.101 Safari/537.36"
::1 - - [11/Jun/2021:21:49:25 +0000] "POST /gr HTTP/1.1" 404 142 "-" "Mozilla/5.0 (Windows NT 10.0; Win64; x64) AppleWebKit/537.36 (KHTML, like Gecko) Chrome/91.0.4472.101 Safari/537.36"
::1 - - [11/Jun/2021:21:49:45 +0000] "POST /gr HTTP/1.1" 404 142 "-" "Mozilla/5.0 (Windows NT 10.0; Win64; x64) AppleWebKit/537.36 (KHTML, like Gecko) Chrome/91.0.4472.101 Safari/537.36"
::1 - - [11/Jun/2021:21:49:48 +0000] "POST / HTTP/1.1" 404 140 "-" "Mozilla/5.0 (Windows NT 10.0; Win64; x64) AppleWebKit/537.36 (KHTML, like Gecko) Chrome/91.0.4472.101 Safari/537.36"
::1 - - [11/Jun/2021:21:49:49 +0000] "POST / HTTP/1.1" 404 140 "-" "Mozilla/5.0 (Windows NT 10.0; Win64; x64) AppleWebKit/537.36 (KHTML, like Gecko) Chrome/91.0.4472.101 Safari/537.36"
::1 - - [11/Jun/2021:21:49:54 +0000] "POST / HTTP/1.1" 404 140 "-" "Mozilla/5.0 (Windows NT 10.0; Win64; x64) AppleWebKit/537.36 (KHTML, like Gecko) Chrome/91.0.4472.101 Safari/537.36"
::1 - - [11/Jun/2021:21:49:58 +0000] "POST / HTTP/1.1" 404 140 "-" "Mozilla/5.0 (Windows NT 10.0; Win64; x64) AppleWebKit/537.36 (KHTML, like Gecko) Chrome/91.0.4472.101 Safari/537.36"
::1 - - [11/Jun/2021:21:52:24 +0000] "POST /graphql HTTP/1.1" 500 359 "-" "Mozilla/5.0 (Windows NT 10.0; Win64; x64) AppleWebKit/537.36 (KHTML, like Gecko) Chrome/91.0.4472.101 Safari/537.36"
::1 - - [11/Jun/2021:21:52:24 +0000] "POST /graphql HTTP/1.1" 500 359 "-" "Mozilla/5.0 (Windows NT 10.0; Win64; x64) AppleWebKit/537.36 (KHTML, like Gecko) Chrome/91.0.4472.101 Safari/537.36"
::1 - - [11/Jun/2021:21:52:36 +0000] "POST /graphql HTTP/1.1" 500 359 "-" "Mozilla/5.0 (Windows NT 10.0; Win64; x64) AppleWebKit/537.36 (KHTML, like Gecko) Chrome/91.0.4472.101 Safari/537.36"
::1 - - [11/Jun/2021:21:52:36 +0000] "POST /graphql HTTP/1.1" 500 359 "-" "Mozilla/5.0 (Windows NT 10.0; Win64; x64) AppleWebKit/537.36 (KHTML, like Gecko) Chrome/91.0.4472.101 Safari/537.36"
::1 - - [11/Jun/2021:21:55:38 +0000] "POST / HTTP/1.1" 404 140 "-" "Mozilla/5.0 (Windows NT 10.0; Win64; x64) AppleWebKit/537.36 (KHTML, like Gecko) Chrome/91.0.4472.101 Safari/537.36"
::1 - - [11/Jun/2021:21:55:41 +0000] "POST / HTTP/1.1" 404 140 "-" "Mozilla/5.0 (Windows NT 10.0; Win64; x64) AppleWebKit/537.36 (KHTML, like Gecko) Chrome/91.0.4472.101 Safari/537.36"
::1 - - [11/Jun/2021:21:55:41 +0000] "POST / HTTP/1.1" 404 140 "-" "Mozilla/5.0 (Windows NT 10.0; Win64; x64) AppleWebKit/537.36 (KHTML, like Gecko) Chrome/91.0.4472.101 Safari/537.36"
::1 - - [11/Jun/2021:21:55:42 +0000] "POST / HTTP/1.1" 404 140 "-" "Mozilla/5.0 (Windows NT 10.0; Win64; x64) AppleWebKit/537.36 (KHTML, like Gecko) Chrome/91.0.4472.101 Safari/537.36"
::1 - - [11/Jun/2021:21:55:42 +0000] "POST / HTTP/1.1" 404 140 "-" "Mozilla/5.0 (Windows NT 10.0; Win64; x64) AppleWebKit/537.36 (KHTML, like Gecko) Chrome/91.0.4472.101 Safari/537.36"
::1 - - [11/Jun/2021:21:55:42 +0000] "POST / HTTP/1.1" 404 140 "-" "Mozilla/5.0 (Windows NT 10.0; Win64; x64) AppleWebKit/537.36 (KHTML, like Gecko) Chrome/91.0.4472.101 Safari/537.36"
::1 - - [11/Jun/2021:21:55:42 +0000] "POST / HTTP/1.1" 404 140 "-" "Mozilla/5.0 (Windows NT 10.0; Win64; x64) AppleWebKit/537.36 (KHTML, like Gecko) Chrome/91.0.4472.101 Safari/537.36"
::1 - - [11/Jun/2021:21:55:42 +0000] "POST / HTTP/1.1" 404 140 "-" "Mozilla/5.0 (Windows NT 10.0; Win64; x64) AppleWebKit/537.36 (KHTML, like Gecko) Chrome/91.0.4472.101 Safari/537.36"
::1 - - [11/Jun/2021:21:56:45 +0000] "POST / HTTP/1.1" 404 140 "-" "Mozilla/5.0 (Windows NT 10.0; Win64; x64) AppleWebKit/537.36 (KHTML, like Gecko) Chrome/91.0.4472.101 Safari/537.36"
::1 - - [11/Jun/2021:21:57:12 +0000] "POST /graphql HTTP/1.1" 500 359 "-" "Mozilla/5.0 (Windows NT 10.0; Win64; x64) AppleWebKit/537.36 (KHTML, like Gecko) Chrome/91.0.4472.101 Safari/537.36"
::1 - - [11/Jun/2021:21:57:12 +0000] "POST /graphql HTTP/1.1" 500 359 "-" "Mozilla/5.0 (Windows NT 10.0; Win64; x64) AppleWebKit/537.36 (KHTML, like Gecko) Chrome/91.0.4472.101 Safari/537.36"
::1 - - [11/Jun/2021:22:05:00 +0000] "POST /graphql HTTP/1.1" 500 359 "-" "Mozilla/5.0 (Windows NT 10.0; Win64; x64) AppleWebKit/537.36 (KHTML, like Gecko) Chrome/91.0.4472.101 Safari/537.36"
::1 - - [11/Jun/2021:22:05:00 +0000] "POST /graphql HTTP/1.1" 500 359 "-" "Mozilla/5.0 (Windows NT 10.0; Win64; x64) AppleWebKit/537.36 (KHTML, like Gecko) Chrome/91.0.4472.101 Safari/537.36"
::1 - - [11/Jun/2021:22:05:11 +0000] "POST /graphql HTTP/1.1" 500 359 "-" "Mozilla/5.0 (Windows NT 10.0; Win64; x64) AppleWebKit/537.36 (KHTML, like Gecko) Chrome/91.0.4472.101 Safari/537.36"
::1 - - [11/Jun/2021:22:05:12 +0000] "POST /graphql HTTP/1.1" 500 359 "-" "Mozilla/5.0 (Windows NT 10.0; Win64; x64) AppleWebKit/537.36 (KHTML, like Gecko) Chrome/91.0.4472.101 Safari/537.36"
::1 - - [11/Jun/2021:22:05:12 +0000] "POST /graphql HTTP/1.1" 500 359 "-" "Mozilla/5.0 (Windows NT 10.0; Win64; x64) AppleWebKit/537.36 (KHTML, like Gecko) Chrome/91.0.4472.101 Safari/537.36"
::1 - - [11/Jun/2021:22:05:13 +0000] "POST /graphql HTTP/1.1" 500 359 "-" "Mozilla/5.0 (Windows NT 10.0; Win64; x64) AppleWebKit/537.36 (KHTML, like Gecko) Chrome/91.0.4472.101 Safari/537.36"
::1 - - [11/Jun/2021:22:05:13 +0000] "POST /graphql HTTP/1.1" 500 359 "-" "Mozilla/5.0 (Windows NT 10.0; Win64; x64) AppleWebKit/537.36 (KHTML, like Gecko) Chrome/91.0.4472.101 Safari/537.36"
::1 - - [11/Jun/2021:22:11:15 +0000] "POST /graphql HTTP/1.1" 500 439 "-" "Mozilla/5.0 (Windows NT 10.0; Win64; x64) AppleWebKit/537.36 (KHTML, like Gecko) Chrome/91.0.4472.101 Safari/537.36"
::1 - - [11/Jun/2021:22:11:16 +0000] "POST /graphql HTTP/1.1" 500 439 "-" "Mozilla/5.0 (Windows NT 10.0; Win64; x64) AppleWebKit/537.36 (KHTML, like Gecko) Chrome/91.0.4472.101 Safari/537.36"
::1 - - [11/Jun/2021:22:16:51 +0000] "POST /graphql/ HTTP/1.1" 500 439 "-" "Mozilla/5.0 (Windows NT 10.0; Win64; x64) AppleWebKit/537.36 (KHTML, like Gecko) Chrome/91.0.4472.101 Safari/537.36"
::1 - - [11/Jun/2021:22:16:51 +0000] "POST /graphql/ HTTP/1.1" 500 439 "-" "Mozilla/5.0 (Windows NT 10.0; Win64; x64) AppleWebKit/537.36 (KHTML, like Gecko) Chrome/91.0.4472.101 Safari/537.36"
::1 - - [11/Jun/2021:22:16:51 +0000] "POST /graphql HTTP/1.1" 500 439 "-" "Mozilla/5.0 (Windows NT 10.0; Win64; x64) AppleWebKit/537.36 (KHTML, like Gecko) Chrome/91.0.4472.101 Safari/537.36"
::1 - - [11/Jun/2021:22:16:51 +0000] "POST /graphql HTTP/1.1" 500 439 "-" "Mozilla/5.0 (Windows NT 10.0; Win64; x64) AppleWebKit/537.36 (KHTML, like Gecko) Chrome/91.0.4472.101 Safari/537.36"
::1 - - [11/Jun/2021:22:16:54 +0000] "POST / HTTP/1.1" 404 140 "-" "Mozilla/5.0 (Windows NT 10.0; Win64; x64) AppleWebKit/537.36 (KHTML, like Gecko) Chrome/91.0.4472.101 Safari/537.36"
::1 - - [11/Jun/2021:22:17:00 +0000] "POST /gra HTTP/1.1" 404 143 "-" "Mozilla/5.0 (Windows NT 10.0; Win64; x64) AppleWebKit/537.36 (KHTML, like Gecko) Chrome/91.0.4472.101 Safari/537.36"
::1 - - [11/Jun/2021:22:17:02 +0000] "POST /graphql HTTP/1.1" 500 439 "-" "Mozilla/5.0 (Windows NT 10.0; Win64; x64) AppleWebKit/537.36 (KHTML, like Gecko) Chrome/91.0.4472.101 Safari/537.36"
::1 - - [11/Jun/2021:22:17:02 +0000] "POST /graphql HTTP/1.1" 500 439 "-" "Mozilla/5.0 (Windows NT 10.0; Win64; x64) AppleWebKit/537.36 (KHTML, like Gecko) Chrome/91.0.4472.101 Safari/537.36"
::1 - - [11/Jun/2021:22:20:08 +0000] "POST /graphql HTTP/1.1" 500 439 "-" "Mozilla/5.0 (Windows NT 10.0; Win64; x64) AppleWebKit/537.36 (KHTML, like Gecko) Chrome/91.0.4472.101 Safari/537.36"
::1 - - [11/Jun/2021:22:20:08 +0000] "POST /graphql HTTP/1.1" 500 439 "-" "Mozilla/5.0 (Windows NT 10.0; Win64; x64) AppleWebKit/537.36 (KHTML, like Gecko) Chrome/91.0.4472.101 Safari/537.36"
::1 - - [11/Jun/2021:22:21:45 +0000] "POST /graphql/ HTTP/1.1" 500 124 "-" "Mozilla/5.0 (Windows NT 10.0; Win64; x64) AppleWebKit/537.36 (KHTML, like Gecko) Chrome/91.0.4472.101 Safari/537.36"
::1 - - [11/Jun/2021:22:21:45 +0000] "POST /graphql/ HTTP/1.1" 500 124 "-" "Mozilla/5.0 (Windows NT 10.0; Win64; x64) AppleWebKit/537.36 (KHTML, like Gecko) Chrome/91.0.4472.101 Safari/537.36"
::1 - - [11/Jun/2021:22:22:40 +0000] "POST /graphql HTTP/1.1" 500 125 "-" "Mozilla/5.0 (Windows NT 10.0; Win64; x64) AppleWebKit/537.36 (KHTML, like Gecko) Chrome/91.0.4472.101 Safari/537.36"
::1 - - [11/Jun/2021:22:22:40 +0000] "POST /graphql HTTP/1.1" 500 125 "-" "Mozilla/5.0 (Windows NT 10.0; Win64; x64) AppleWebKit/537.36 (KHTML, like Gecko) Chrome/91.0.4472.101 Safari/537.36"
::1 - - [11/Jun/2021:22:25:01 +0000] "POST /graphql HTTP/1.1" 200 38934 "-" "Mozilla/5.0 (Windows NT 10.0; Win64; x64) AppleWebKit/537.36 (KHTML, like Gecko) Chrome/91.0.4472.101 Safari/537.36"
::1 - - [11/Jun/2021:22:26:18 +0000] "POST /graphql HTTP/1.1" 500 124 "-" "Mozilla/5.0 (Windows NT 10.0; Win64; x64) AppleWebKit/537.36 (KHTML, like Gecko) Chrome/91.0.4472.101 Safari/537.36"
::1 - - [11/Jun/2021:22:26:32 +0000] "POST /graphql HTTP/1.1" 500 124 "-" "Mozilla/5.0 (Windows NT 10.0; Win64; x64) AppleWebKit/537.36 (KHTML, like Gecko) Chrome/91.0.4472.101 Safari/537.36"
::1 - - [11/Jun/2021:22:26:33 +0000] "POST /graphql HTTP/1.1" 500 124 "-" "Mozilla/5.0 (Windows NT 10.0; Win64; x64) AppleWebKit/537.36 (KHTML, like Gecko) Chrome/91.0.4472.101 Safari/537.36"
::1 - - [11/Jun/2021:22:26:34 +0000] "POST /graphql HTTP/1.1" 500 124 "-" "Mozilla/5.0 (Windows NT 10.0; Win64; x64) AppleWebKit/537.36 (KHTML, like Gecko) Chrome/91.0.4472.101 Safari/537.36"
::1 - - [11/Jun/2021:22:26:34 +0000] "POST /graphql HTTP/1.1" 500 124 "-" "Mozilla/5.0 (Windows NT 10.0; Win64; x64) AppleWebKit/537.36 (KHTML, like Gecko) Chrome/91.0.4472.101 Safari/537.36"
::1 - - [11/Jun/2021:22:27:21 +0000] "POST /graphql HTTP/1.1" 200 414 "-" "Mozilla/5.0 (Windows NT 10.0; Win64; x64) AppleWebKit/537.36 (KHTML, like Gecko) Chrome/91.0.4472.101 Safari/537.36"
::1 - - [11/Jun/2021:22:27:23 +0000] "POST /graphql HTTP/1.1" 200 414 "-" "Mozilla/5.0 (Windows NT 10.0; Win64; x64) AppleWebKit/537.36 (KHTML, like Gecko) Chrome/91.0.4472.101 Safari/537.36"
::1 - - [11/Jun/2021:22:28:19 +0000] "POST /graphql HTTP/1.1" 200 38934 "-" "Mozilla/5.0 (Windows NT 10.0; Win64; x64) AppleWebKit/537.36 (KHTML, like Gecko) Chrome/91.0.4472.101 Safari/537.36"
::1 - - [11/Jun/2021:22:28:20 +0000] "POST /graphql HTTP/1.1" 200 414 "-" "Mozilla/5.0 (Windows NT 10.0; Win64; x64) AppleWebKit/537.36 (KHTML, like Gecko) Chrome/91.0.4472.101 Safari/537.36"
::1 - - [11/Jun/2021:22:28:21 +0000] "POST /graphql HTTP/1.1" 200 414 "-" "Mozilla/5.0 (Windows NT 10.0; Win64; x64) AppleWebKit/537.36 (KHTML, like Gecko) Chrome/91.0.4472.101 Safari/537.36"
::1 - - [11/Jun/2021:22:28:51 +0000] "POST /graphql HTTP/1.1" 200 414 "-" "Mozilla/5.0 (Windows NT 10.0; Win64; x64) AppleWebKit/537.36 (KHTML, like Gecko) Chrome/91.0.4472.101 Safari/537.36"
::1 - - [11/Jun/2021:22:28:52 +0000] "POST /graphql HTTP/1.1" 200 414 "-" "Mozilla/5.0 (Windows NT 10.0; Win64; x64) AppleWebKit/537.36 (KHTML, like Gecko) Chrome/91.0.4472.101 Safari/537.36"
::1 - - [11/Jun/2021:22:28:52 +0000] "POST /graphql HTTP/1.1" 200 414 "-" "Mozilla/5.0 (Windows NT 10.0; Win64; x64) AppleWebKit/537.36 (KHTML, like Gecko) Chrome/91.0.4472.101 Safari/537.36"
::1 - - [11/Jun/2021:22:29:39 +0000] "POST /graphql HTTP/1.1" 500 123 "-" "Mozilla/5.0 (Windows NT 10.0; Win64; x64) AppleWebKit/537.36 (KHTML, like Gecko) Chrome/91.0.4472.101 Safari/537.36"
::1 - - [11/Jun/2021:22:30:08 +0000] "POST /graphql HTTP/1.1" 200 414 "-" "Mozilla/5.0 (Windows NT 10.0; Win64; x64) AppleWebKit/537.36 (KHTML, like Gecko) Chrome/91.0.4472.101 Safari/537.36"
::1 - - [11/Jun/2021:22:30:35 +0000] "POST /graphql HTTP/1.1" 200 414 "-" "Mozilla/5.0 (Windows NT 10.0; Win64; x64) AppleWebKit/537.36 (KHTML, like Gecko) Chrome/91.0.4472.101 Safari/537.36"
::1 - - [11/Jun/2021:22:30:36 +0000] "POST /graphql HTTP/1.1" 200 414 "-" "Mozilla/5.0 (Windows NT 10.0; Win64; x64) AppleWebKit/537.36 (KHTML, like Gecko) Chrome/91.0.4472.101 Safari/537.36"
::1 - - [11/Jun/2021:22:31:19 +0000] "POST /graphql HTTP/1.1" 200 414 "-" "Mozilla/5.0 (Windows NT 10.0; Win64; x64) AppleWebKit/537.36 (KHTML, like Gecko) Chrome/91.0.4472.101 Safari/537.36"
::1 - - [11/Jun/2021:22:31:20 +0000] "POST /graphql HTTP/1.1" 200 414 "-" "Mozilla/5.0 (Windows NT 10.0; Win64; x64) AppleWebKit/537.36 (KHTML, like Gecko) Chrome/91.0.4472.101 Safari/537.36"
::1 - - [11/Jun/2021:22:31:21 +0000] "POST /graphql HTTP/1.1" 200 414 "-" "Mozilla/5.0 (Windows NT 10.0; Win64; x64) AppleWebKit/537.36 (KHTML, like Gecko) Chrome/91.0.4472.101 Safari/537.36"
::1 - - [11/Jun/2021:22:31:21 +0000] "POST /graphql HTTP/1.1" 200 414 "-" "Mozilla/5.0 (Windows NT 10.0; Win64; x64) AppleWebKit/537.36 (KHTML, like Gecko) Chrome/91.0.4472.101 Safari/537.36"
::1 - - [11/Jun/2021:22:31:24 +0000] "POST /graphql HTTP/1.1" 200 40181 "-" "Mozilla/5.0 (Windows NT 10.0; Win64; x64) AppleWebKit/537.36 (KHTML, like Gecko) Chrome/91.0.4472.101 Safari/537.36"
::1 - - [11/Jun/2021:22:31:25 +0000] "POST /graphql HTTP/1.1" 200 414 "-" "Mozilla/5.0 (Windows NT 10.0; Win64; x64) AppleWebKit/537.36 (KHTML, like Gecko) Chrome/91.0.4472.101 Safari/537.36"
::1 - - [11/Jun/2021:22:34:58 +0000] "POST /graphql HTTP/1.1" 500 126 "-" "Mozilla/5.0 (Windows NT 10.0; Win64; x64) AppleWebKit/537.36 (KHTML, like Gecko) Chrome/91.0.4472.101 Safari/537.36"
::1 - - [11/Jun/2021:22:35:08 +0000] "POST /graphql HTTP/1.1" 500 126 "-" "Mozilla/5.0 (Windows NT 10.0; Win64; x64) AppleWebKit/537.36 (KHTML, like Gecko) Chrome/91.0.4472.101 Safari/537.36"
::1 - - [11/Jun/2021:22:35:09 +0000] "POST /graphql HTTP/1.1" 500 126 "-" "Mozilla/5.0 (Windows NT 10.0; Win64; x64) AppleWebKit/537.36 (KHTML, like Gecko) Chrome/91.0.4472.101 Safari/537.36"
::1 - - [11/Jun/2021:22:35:12 +0000] "POST /graphql HTTP/1.1" 500 126 "-" "Mozilla/5.0 (Windows NT 10.0; Win64; x64) AppleWebKit/537.36 (KHTML, like Gecko) Chrome/91.0.4472.101 Safari/537.36"
::1 - - [11/Jun/2021:22:36:11 +0000] "POST /graphql HTTP/1.1" 200 414 "-" "Mozilla/5.0 (Windows NT 10.0; Win64; x64) AppleWebKit/537.36 (KHTML, like Gecko) Chrome/91.0.4472.101 Safari/537.36"
::1 - - [11/Jun/2021:22:36:14 +0000] "POST /graphql HTTP/1.1" 400 230 "-" "Mozilla/5.0 (Windows NT 10.0; Win64; x64) AppleWebKit/537.36 (KHTML, like Gecko) Chrome/91.0.4472.101 Safari/537.36"
::1 - - [11/Jun/2021:22:36:19 +0000] "POST /graphql HTTP/1.1" 400 187 "-" "Mozilla/5.0 (Windows NT 10.0; Win64; x64) AppleWebKit/537.36 (KHTML, like Gecko) Chrome/91.0.4472.101 Safari/537.36"
::1 - - [11/Jun/2021:22:38:49 +0000] "POST /graphql HTTP/1.1" 200 41964 "-" "Mozilla/5.0 (Windows NT 10.0; Win64; x64) AppleWebKit/537.36 (KHTML, like Gecko) Chrome/91.0.4472.101 Safari/537.36"
::1 - - [11/Jun/2021:22:41:26 +0000] "POST /graphql HTTP/1.1" 400 207 "-" "Mozilla/5.0 (Windows NT 10.0; Win64; x64) AppleWebKit/537.36 (KHTML, like Gecko) Chrome/91.0.4472.101 Safari/537.36"
::1 - - [11/Jun/2021:22:41:37 +0000] "POST /graphql HTTP/1.1" 200 341 "-" "Mozilla/5.0 (Windows NT 10.0; Win64; x64) AppleWebKit/537.36 (KHTML, like Gecko) Chrome/91.0.4472.101 Safari/537.36"
::1 - - [11/Jun/2021:22:41:48 +0000] "POST /graphql HTTP/1.1" 400 434 "-" "Mozilla/5.0 (Windows NT 10.0; Win64; x64) AppleWebKit/537.36 (KHTML, like Gecko) Chrome/91.0.4472.101 Safari/537.36"
::1 - - [11/Jun/2021:22:42:00 +0000] "POST /graphql HTTP/1.1" 400 433 "-" "Mozilla/5.0 (Windows NT 10.0; Win64; x64) AppleWebKit/537.36 (KHTML, like Gecko) Chrome/91.0.4472.101 Safari/537.36"
::1 - - [11/Jun/2021:22:42:04 +0000] "POST /graphql HTTP/1.1" 200 341 "-" "Mozilla/5.0 (Windows NT 10.0; Win64; x64) AppleWebKit/537.36 (KHTML, like Gecko) Chrome/91.0.4472.101 Safari/537.36"
::1 - - [11/Jun/2021:22:42:38 +0000] "POST /graphql HTTP/1.1" 200 341 "-" "Mozilla/5.0 (Windows NT 10.0; Win64; x64) AppleWebKit/537.36 (KHTML, like Gecko) Chrome/91.0.4472.101 Safari/537.36"
::1 - - [11/Jun/2021:22:42:39 +0000] "POST /graphql HTTP/1.1" 200 341 "-" "Mozilla/5.0 (Windows NT 10.0; Win64; x64) AppleWebKit/537.36 (KHTML, like Gecko) Chrome/91.0.4472.101 Safari/537.36"
::1 - - [11/Jun/2021:22:42:39 +0000] "POST /graphql HTTP/1.1" 200 341 "-" "Mozilla/5.0 (Windows NT 10.0; Win64; x64) AppleWebKit/537.36 (KHTML, like Gecko) Chrome/91.0.4472.101 Safari/537.36"
::1 - - [11/Jun/2021:22:42:58 +0000] "POST /graphql HTTP/1.1" 200 341 "-" "Mozilla/5.0 (Windows NT 10.0; Win64; x64) AppleWebKit/537.36 (KHTML, like Gecko) Chrome/91.0.4472.101 Safari/537.36"
::1 - - [11/Jun/2021:22:42:59 +0000] "POST /graphql HTTP/1.1" 200 341 "-" "Mozilla/5.0 (Windows NT 10.0; Win64; x64) AppleWebKit/537.36 (KHTML, like Gecko) Chrome/91.0.4472.101 Safari/537.36"
::1 - - [11/Jun/2021:22:43:00 +0000] "POST /graphql HTTP/1.1" 200 341 "-" "Mozilla/5.0 (Windows NT 10.0; Win64; x64) AppleWebKit/537.36 (KHTML, like Gecko) Chrome/91.0.4472.101 Safari/537.36"
::1 - - [11/Jun/2021:22:43:00 +0000] "POST /graphql HTTP/1.1" 200 341 "-" "Mozilla/5.0 (Windows NT 10.0; Win64; x64) AppleWebKit/537.36 (KHTML, like Gecko) Chrome/91.0.4472.101 Safari/537.36"
::1 - - [11/Jun/2021:22:43:00 +0000] "POST /graphql HTTP/1.1" 200 341 "-" "Mozilla/5.0 (Windows NT 10.0; Win64; x64) AppleWebKit/537.36 (KHTML, like Gecko) Chrome/91.0.4472.101 Safari/537.36"
::1 - - [11/Jun/2021:22:43:08 +0000] "POST /graphql HTTP/1.1" 200 341 "-" "Mozilla/5.0 (Windows NT 10.0; Win64; x64) AppleWebKit/537.36 (KHTML, like Gecko) Chrome/91.0.4472.101 Safari/537.36"
::1 - - [11/Jun/2021:22:43:13 +0000] "POST /graphql HTTP/1.1" 400 207 "-" "Mozilla/5.0 (Windows NT 10.0; Win64; x64) AppleWebKit/537.36 (KHTML, like Gecko) Chrome/91.0.4472.101 Safari/537.36"
::1 - - [11/Jun/2021:22:44:23 +0000] "POST /graphql HTTP/1.1" 200 341 "-" "Mozilla/5.0 (Windows NT 10.0; Win64; x64) AppleWebKit/537.36 (KHTML, like Gecko) Chrome/91.0.4472.101 Safari/537.36"
::1 - - [11/Jun/2021:22:45:43 +0000] "POST /graphql HTTP/1.1" 200 341 "-" "Mozilla/5.0 (Windows NT 10.0; Win64; x64) AppleWebKit/537.36 (KHTML, like Gecko) Chrome/91.0.4472.101 Safari/537.36"
::1 - - [11/Jun/2021:22:45:44 +0000] "POST /graphql HTTP/1.1" 200 341 "-" "Mozilla/5.0 (Windows NT 10.0; Win64; x64) AppleWebKit/537.36 (KHTML, like Gecko) Chrome/91.0.4472.101 Safari/537.36"
::1 - - [11/Jun/2021:22:45:45 +0000] "POST /graphql HTTP/1.1" 200 341 "-" "Mozilla/5.0 (Windows NT 10.0; Win64; x64) AppleWebKit/537.36 (KHTML, like Gecko) Chrome/91.0.4472.101 Safari/537.36"
::1 - - [11/Jun/2021:22:45:49 +0000] "POST /graphql HTTP/1.1" 200 341 "-" "Mozilla/5.0 (Windows NT 10.0; Win64; x64) AppleWebKit/537.36 (KHTML, like Gecko) Chrome/91.0.4472.101 Safari/537.36"
::1 - - [11/Jun/2021:22:45:50 +0000] "POST /graphql HTTP/1.1" 200 341 "-" "Mozilla/5.0 (Windows NT 10.0; Win64; x64) AppleWebKit/537.36 (KHTML, like Gecko) Chrome/91.0.4472.101 Safari/537.36"
::1 - - [11/Jun/2021:22:45:50 +0000] "POST /graphql HTTP/1.1" 200 341 "-" "Mozilla/5.0 (Windows NT 10.0; Win64; x64) AppleWebKit/537.36 (KHTML, like Gecko) Chrome/91.0.4472.101 Safari/537.36"
::1 - - [11/Jun/2021:22:45:52 +0000] "POST /graphql HTTP/1.1" 200 41387 "-" "Mozilla/5.0 (Windows NT 10.0; Win64; x64) AppleWebKit/537.36 (KHTML, like Gecko) Chrome/91.0.4472.101 Safari/537.36"
::1 - - [11/Jun/2021:22:45:54 +0000] "POST /graphql HTTP/1.1" 200 341 "-" "Mozilla/5.0 (Windows NT 10.0; Win64; x64) AppleWebKit/537.36 (KHTML, like Gecko) Chrome/91.0.4472.101 Safari/537.36"
::1 - - [11/Jun/2021:22:46:03 +0000] "POST /graphql HTTP/1.1" 400 438 "-" "Mozilla/5.0 (Windows NT 10.0; Win64; x64) AppleWebKit/537.36 (KHTML, like Gecko) Chrome/91.0.4472.101 Safari/537.36"
::1 - - [11/Jun/2021:22:46:09 +0000] "POST /graphql HTTP/1.1" 200 341 "-" "Mozilla/5.0 (Windows NT 10.0; Win64; x64) AppleWebKit/537.36 (KHTML, like Gecko) Chrome/91.0.4472.101 Safari/537.36"
::1 - - [11/Jun/2021:22:46:10 +0000] "POST /graphql HTTP/1.1" 200 341 "-" "Mozilla/5.0 (Windows NT 10.0; Win64; x64) AppleWebKit/537.36 (KHTML, like Gecko) Chrome/91.0.4472.101 Safari/537.36"
::1 - - [11/Jun/2021:22:47:34 +0000] "POST /graphql HTTP/1.1" 200 350 "-" "Mozilla/5.0 (Windows NT 10.0; Win64; x64) AppleWebKit/537.36 (KHTML, like Gecko) Chrome/91.0.4472.101 Safari/537.36"
::1 - - [11/Jun/2021:22:47:34 +0000] "POST /graphql HTTP/1.1" 200 350 "-" "Mozilla/5.0 (Windows NT 10.0; Win64; x64) AppleWebKit/537.36 (KHTML, like Gecko) Chrome/91.0.4472.101 Safari/537.36"
::1 - - [11/Jun/2021:22:47:35 +0000] "POST /graphql HTTP/1.1" 200 350 "-" "Mozilla/5.0 (Windows NT 10.0; Win64; x64) AppleWebKit/537.36 (KHTML, like Gecko) Chrome/91.0.4472.101 Safari/537.36"
::1 - - [11/Jun/2021:22:47:35 +0000] "POST /graphql HTTP/1.1" 200 350 "-" "Mozilla/5.0 (Windows NT 10.0; Win64; x64) AppleWebKit/537.36 (KHTML, like Gecko) Chrome/91.0.4472.101 Safari/537.36"
::1 - - [11/Jun/2021:22:47:37 +0000] "POST /graphql HTTP/1.1" 200 41387 "-" "Mozilla/5.0 (Windows NT 10.0; Win64; x64) AppleWebKit/537.36 (KHTML, like Gecko) Chrome/91.0.4472.101 Safari/537.36"
::1 - - [11/Jun/2021:22:47:39 +0000] "POST /graphql HTTP/1.1" 200 350 "-" "Mozilla/5.0 (Windows NT 10.0; Win64; x64) AppleWebKit/537.36 (KHTML, like Gecko) Chrome/91.0.4472.101 Safari/537.36"
::1 - - [11/Jun/2021:22:49:04 +0000] "POST /graphql HTTP/1.1" 200 350 "-" "Mozilla/5.0 (Windows NT 10.0; Win64; x64) AppleWebKit/537.36 (KHTML, like Gecko) Chrome/91.0.4472.101 Safari/537.36"
::1 - - [11/Jun/2021:22:49:05 +0000] "POST /graphql HTTP/1.1" 200 350 "-" "Mozilla/5.0 (Windows NT 10.0; Win64; x64) AppleWebKit/537.36 (KHTML, like Gecko) Chrome/91.0.4472.101 Safari/537.36"
::1 - - [11/Jun/2021:22:49:44 +0000] "POST /graphql HTTP/1.1" 200 36 "-" "Mozilla/5.0 (Windows NT 10.0; Win64; x64) AppleWebKit/537.36 (KHTML, like Gecko) Chrome/91.0.4472.101 Safari/537.36"
::1 - - [11/Jun/2021:22:50:17 +0000] "POST /graphql HTTP/1.1" 200 36 "-" "Mozilla/5.0 (Windows NT 10.0; Win64; x64) AppleWebKit/537.36 (KHTML, like Gecko) Chrome/91.0.4472.101 Safari/537.36"
::1 - - [11/Jun/2021:22:50:17 +0000] "POST /graphql HTTP/1.1" 200 36 "-" "Mozilla/5.0 (Windows NT 10.0; Win64; x64) AppleWebKit/537.36 (KHTML, like Gecko) Chrome/91.0.4472.101 Safari/537.36"
::1 - - [11/Jun/2021:22:51:38 +0000] "POST /graphql HTTP/1.1" 200 96 "-" "Mozilla/5.0 (Windows NT 10.0; Win64; x64) AppleWebKit/537.36 (KHTML, like Gecko) Chrome/91.0.4472.101 Safari/537.36"
::1 - - [11/Jun/2021:22:51:41 +0000] "POST /graphql HTTP/1.1" 400 187 "-" "Mozilla/5.0 (Windows NT 10.0; Win64; x64) AppleWebKit/537.36 (KHTML, like Gecko) Chrome/91.0.4472.101 Safari/537.36"
::1 - - [11/Jun/2021:22:52:00 +0000] "POST /graphql HTTP/1.1" 400 193 "-" "Mozilla/5.0 (Windows NT 10.0; Win64; x64) AppleWebKit/537.36 (KHTML, like Gecko) Chrome/91.0.4472.101 Safari/537.36"
::1 - - [11/Jun/2021:22:52:10 +0000] "POST /graphql HTTP/1.1" 400 188 "-" "Mozilla/5.0 (Windows NT 10.0; Win64; x64) AppleWebKit/537.36 (KHTML, like Gecko) Chrome/91.0.4472.101 Safari/537.36"
::1 - - [11/Jun/2021:22:52:19 +0000] "POST /graphql HTTP/1.1" 400 191 "-" "Mozilla/5.0 (Windows NT 10.0; Win64; x64) AppleWebKit/537.36 (KHTML, like Gecko) Chrome/91.0.4472.101 Safari/537.36"
::1 - - [11/Jun/2021:22:52:26 +0000] "POST /graphql HTTP/1.1" 200 96 "-" "Mozilla/5.0 (Windows NT 10.0; Win64; x64) AppleWebKit/537.36 (KHTML, like Gecko) Chrome/91.0.4472.101 Safari/537.36"
::1 - - [11/Jun/2021:22:53:52 +0000] "POST /graphql HTTP/1.1" 200 41383 "-" "Mozilla/5.0 (Windows NT 10.0; Win64; x64) AppleWebKit/537.36 (KHTML, like Gecko) Chrome/91.0.4472.101 Safari/537.36"
::1 - - [11/Jun/2021:22:54:07 +0000] "POST /graphql HTTP/1.1" 400 201 "-" "Mozilla/5.0 (Windows NT 10.0; Win64; x64) AppleWebKit/537.36 (KHTML, like Gecko) Chrome/91.0.4472.101 Safari/537.36"
::1 - - [11/Jun/2021:22:54:15 +0000] "POST /graphql HTTP/1.1" 400 187 "-" "Mozilla/5.0 (Windows NT 10.0; Win64; x64) AppleWebKit/537.36 (KHTML, like Gecko) Chrome/91.0.4472.101 Safari/537.36"
::1 - - [11/Jun/2021:22:55:02 +0000] "POST /graphql HTTP/1.1" 400 201 "-" "Mozilla/5.0 (Windows NT 10.0; Win64; x64) AppleWebKit/537.36 (KHTML, like Gecko) Chrome/91.0.4472.101 Safari/537.36"
::1 - - [11/Jun/2021:22:55:44 +0000] "POST /graphql HTTP/1.1" 400 186 "-" "Mozilla/5.0 (Windows NT 10.0; Win64; x64) AppleWebKit/537.36 (KHTML, like Gecko) Chrome/91.0.4472.101 Safari/537.36"
::1 - - [11/Jun/2021:22:57:56 +0000] "POST /graphql HTTP/1.1" 400 188 "-" "Mozilla/5.0 (Windows NT 10.0; Win64; x64) AppleWebKit/537.36 (KHTML, like Gecko) Chrome/91.0.4472.101 Safari/537.36"
::1 - - [11/Jun/2021:22:58:08 +0000] "POST /graphql HTTP/1.1" 400 234 "-" "Mozilla/5.0 (Windows NT 10.0; Win64; x64) AppleWebKit/537.36 (KHTML, like Gecko) Chrome/91.0.4472.101 Safari/537.36"
::1 - - [11/Jun/2021:22:58:11 +0000] "POST /graphql HTTP/1.1" 400 234 "-" "Mozilla/5.0 (Windows NT 10.0; Win64; x64) AppleWebKit/537.36 (KHTML, like Gecko) Chrome/91.0.4472.101 Safari/537.36"
::1 - - [11/Jun/2021:22:58:15 +0000] "POST /graphql HTTP/1.1" 200 229 "-" "Mozilla/5.0 (Windows NT 10.0; Win64; x64) AppleWebKit/537.36 (KHTML, like Gecko) Chrome/91.0.4472.101 Safari/537.36"
::1 - - [11/Jun/2021:22:58:20 +0000] "POST /graphql HTTP/1.1" 200 229 "-" "Mozilla/5.0 (Windows NT 10.0; Win64; x64) AppleWebKit/537.36 (KHTML, like Gecko) Chrome/91.0.4472.101 Safari/537.36"
::1 - - [11/Jun/2021:22:59:44 +0000] "POST /graphql HTTP/1.1" 400 203 "-" "Mozilla/5.0 (Windows NT 10.0; Win64; x64) AppleWebKit/537.36 (KHTML, like Gecko) Chrome/91.0.4472.101 Safari/537.36"
::1 - - [11/Jun/2021:23:00:29 +0000] "POST /graphql HTTP/1.1" 400 203 "-" "Mozilla/5.0 (Windows NT 10.0; Win64; x64) AppleWebKit/537.36 (KHTML, like Gecko) Chrome/91.0.4472.101 Safari/537.36"
::1 - - [11/Jun/2021:23:01:04 +0000] "POST /graphql HTTP/1.1" 400 291 "-" "Mozilla/5.0 (Windows NT 10.0; Win64; x64) AppleWebKit/537.36 (KHTML, like Gecko) Chrome/91.0.4472.101 Safari/537.36"
::1 - - [11/Jun/2021:23:01:05 +0000] "POST /graphql HTTP/1.1" 400 291 "-" "Mozilla/5.0 (Windows NT 10.0; Win64; x64) AppleWebKit/537.36 (KHTML, like Gecko) Chrome/91.0.4472.101 Safari/537.36"
::1 - - [11/Jun/2021:23:01:18 +0000] "POST /graphql HTTP/1.1" 200 58 "-" "Mozilla/5.0 (Windows NT 10.0; Win64; x64) AppleWebKit/537.36 (KHTML, like Gecko) Chrome/91.0.4472.101 Safari/537.36"
::1 - - [11/Jun/2021:23:01:31 +0000] "POST /graphql HTTP/1.1" 200 58 "-" "Mozilla/5.0 (Windows NT 10.0; Win64; x64) AppleWebKit/537.36 (KHTML, like Gecko) Chrome/91.0.4472.101 Safari/537.36"
::1 - - [11/Jun/2021:23:01:32 +0000] "POST /graphql HTTP/1.1" 200 58 "-" "Mozilla/5.0 (Windows NT 10.0; Win64; x64) AppleWebKit/537.36 (KHTML, like Gecko) Chrome/91.0.4472.101 Safari/537.36"
::1 - - [11/Jun/2021:23:01:33 +0000] "POST /graphql HTTP/1.1" 200 58 "-" "Mozilla/5.0 (Windows NT 10.0; Win64; x64) AppleWebKit/537.36 (KHTML, like Gecko) Chrome/91.0.4472.101 Safari/537.36"
::1 - - [11/Jun/2021:23:02:09 +0000] "POST /graphql HTTP/1.1" 200 58 "-" "Mozilla/5.0 (Windows NT 10.0; Win64; x64) AppleWebKit/537.36 (KHTML, like Gecko) Chrome/91.0.4472.101 Safari/537.36"
::1 - - [11/Jun/2021:23:02:10 +0000] "POST /graphql HTTP/1.1" 200 58 "-" "Mozilla/5.0 (Windows NT 10.0; Win64; x64) AppleWebKit/537.36 (KHTML, like Gecko) Chrome/91.0.4472.101 Safari/537.36"
::1 - - [11/Jun/2021:23:02:10 +0000] "POST /graphql HTTP/1.1" 200 58 "-" "Mozilla/5.0 (Windows NT 10.0; Win64; x64) AppleWebKit/537.36 (KHTML, like Gecko) Chrome/91.0.4472.101 Safari/537.36"
::1 - - [11/Jun/2021:23:02:11 +0000] "POST /graphql HTTP/1.1" 200 58 "-" "Mozilla/5.0 (Windows NT 10.0; Win64; x64) AppleWebKit/537.36 (KHTML, like Gecko) Chrome/91.0.4472.101 Safari/537.36"
::1 - - [11/Jun/2021:23:02:11 +0000] "POST /graphql HTTP/1.1" 200 58 "-" "Mozilla/5.0 (Windows NT 10.0; Win64; x64) AppleWebKit/537.36 (KHTML, like Gecko) Chrome/91.0.4472.101 Safari/537.36"
::1 - - [11/Jun/2021:23:02:11 +0000] "POST /graphql HTTP/1.1" 200 58 "-" "Mozilla/5.0 (Windows NT 10.0; Win64; x64) AppleWebKit/537.36 (KHTML, like Gecko) Chrome/91.0.4472.101 Safari/537.36"
::1 - - [11/Jun/2021:23:02:11 +0000] "POST /graphql HTTP/1.1" 200 58 "-" "Mozilla/5.0 (Windows NT 10.0; Win64; x64) AppleWebKit/537.36 (KHTML, like Gecko) Chrome/91.0.4472.101 Safari/537.36"
::1 - - [11/Jun/2021:23:02:12 +0000] "POST /graphql HTTP/1.1" 200 58 "-" "Mozilla/5.0 (Windows NT 10.0; Win64; x64) AppleWebKit/537.36 (KHTML, like Gecko) Chrome/91.0.4472.101 Safari/537.36"
::1 - - [11/Jun/2021:23:02:12 +0000] "POST /graphql HTTP/1.1" 200 58 "-" "Mozilla/5.0 (Windows NT 10.0; Win64; x64) AppleWebKit/537.36 (KHTML, like Gecko) Chrome/91.0.4472.101 Safari/537.36"
::1 - - [11/Jun/2021:23:02:12 +0000] "POST /graphql HTTP/1.1" 200 58 "-" "Mozilla/5.0 (Windows NT 10.0; Win64; x64) AppleWebKit/537.36 (KHTML, like Gecko) Chrome/91.0.4472.101 Safari/537.36"
::1 - - [11/Jun/2021:23:02:13 +0000] "POST /graphql HTTP/1.1" 200 58 "-" "Mozilla/5.0 (Windows NT 10.0; Win64; x64) AppleWebKit/537.36 (KHTML, like Gecko) Chrome/91.0.4472.101 Safari/537.36"
::1 - - [11/Jun/2021:23:02:13 +0000] "POST /graphql HTTP/1.1" 200 58 "-" "Mozilla/5.0 (Windows NT 10.0; Win64; x64) AppleWebKit/537.36 (KHTML, like Gecko) Chrome/91.0.4472.101 Safari/537.36"
::1 - - [11/Jun/2021:23:02:13 +0000] "POST /graphql HTTP/1.1" 200 58 "-" "Mozilla/5.0 (Windows NT 10.0; Win64; x64) AppleWebKit/537.36 (KHTML, like Gecko) Chrome/91.0.4472.101 Safari/537.36"
::1 - - [11/Jun/2021:23:02:21 +0000] "POST /graphql HTTP/1.1" 200 41383 "-" "Mozilla/5.0 (Windows NT 10.0; Win64; x64) AppleWebKit/537.36 (KHTML, like Gecko) Chrome/91.0.4472.101 Safari/537.36"
::1 - - [11/Jun/2021:23:02:27 +0000] "POST /graphql HTTP/1.1" 200 58 "-" "Mozilla/5.0 (Windows NT 10.0; Win64; x64) AppleWebKit/537.36 (KHTML, like Gecko) Chrome/91.0.4472.101 Safari/537.36"
::1 - - [11/Jun/2021:23:03:21 +0000] "POST /graphql HTTP/1.1" 200 414 "-" "Mozilla/5.0 (Windows NT 10.0; Win64; x64) AppleWebKit/537.36 (KHTML, like Gecko) Chrome/91.0.4472.101 Safari/537.36"
::1 - - [11/Jun/2021:23:03:27 +0000] "POST /graphql HTTP/1.1" 200 624 "-" "Mozilla/5.0 (Windows NT 10.0; Win64; x64) AppleWebKit/537.36 (KHTML, like Gecko) Chrome/91.0.4472.101 Safari/537.36"
::1 - - [11/Jun/2021:23:03:47 +0000] "POST /graphql HTTP/1.1" 200 136 "-" "Mozilla/5.0 (Windows NT 10.0; Win64; x64) AppleWebKit/537.36 (KHTML, like Gecko) Chrome/91.0.4472.101 Safari/537.36"
::1 - - [11/Jun/2021:23:04:22 +0000] "POST /graphql HTTP/1.1" 200 136 "-" "Mozilla/5.0 (Windows NT 10.0; Win64; x64) AppleWebKit/537.36 (KHTML, like Gecko) Chrome/91.0.4472.101 Safari/537.36"
::1 - - [11/Jun/2021:23:04:23 +0000] "POST /graphql HTTP/1.1" 200 136 "-" "Mozilla/5.0 (Windows NT 10.0; Win64; x64) AppleWebKit/537.36 (KHTML, like Gecko) Chrome/91.0.4472.101 Safari/537.36"
::1 - - [11/Jun/2021:23:04:23 +0000] "POST /graphql HTTP/1.1" 200 136 "-" "Mozilla/5.0 (Windows NT 10.0; Win64; x64) AppleWebKit/537.36 (KHTML, like Gecko) Chrome/91.0.4472.101 Safari/537.36"
::1 - - [11/Jun/2021:23:04:23 +0000] "POST /graphql HTTP/1.1" 200 136 "-" "Mozilla/5.0 (Windows NT 10.0; Win64; x64) AppleWebKit/537.36 (KHTML, like Gecko) Chrome/91.0.4472.101 Safari/537.36"
::1 - - [11/Jun/2021:23:04:24 +0000] "POST /graphql HTTP/1.1" 200 136 "-" "Mozilla/5.0 (Windows NT 10.0; Win64; x64) AppleWebKit/537.36 (KHTML, like Gecko) Chrome/91.0.4472.101 Safari/537.36"
::1 - - [11/Jun/2021:23:04:24 +0000] "POST /graphql HTTP/1.1" 200 136 "-" "Mozilla/5.0 (Windows NT 10.0; Win64; x64) AppleWebKit/537.36 (KHTML, like Gecko) Chrome/91.0.4472.101 Safari/537.36"
::1 - - [11/Jun/2021:23:04:24 +0000] "POST /graphql HTTP/1.1" 200 136 "-" "Mozilla/5.0 (Windows NT 10.0; Win64; x64) AppleWebKit/537.36 (KHTML, like Gecko) Chrome/91.0.4472.101 Safari/537.36"
::1 - - [11/Jun/2021:23:04:24 +0000] "POST /graphql HTTP/1.1" 200 136 "-" "Mozilla/5.0 (Windows NT 10.0; Win64; x64) AppleWebKit/537.36 (KHTML, like Gecko) Chrome/91.0.4472.101 Safari/537.36"
::1 - - [11/Jun/2021:23:04:24 +0000] "POST /graphql HTTP/1.1" 200 136 "-" "Mozilla/5.0 (Windows NT 10.0; Win64; x64) AppleWebKit/537.36 (KHTML, like Gecko) Chrome/91.0.4472.101 Safari/537.36"
::1 - - [11/Jun/2021:23:04:25 +0000] "POST /graphql HTTP/1.1" 200 136 "-" "Mozilla/5.0 (Windows NT 10.0; Win64; x64) AppleWebKit/537.36 (KHTML, like Gecko) Chrome/91.0.4472.101 Safari/537.36"
::1 - - [11/Jun/2021:23:04:25 +0000] "POST /graphql HTTP/1.1" 200 136 "-" "Mozilla/5.0 (Windows NT 10.0; Win64; x64) AppleWebKit/537.36 (KHTML, like Gecko) Chrome/91.0.4472.101 Safari/537.36"
::1 - - [11/Jun/2021:23:04:25 +0000] "POST /graphql HTTP/1.1" 200 136 "-" "Mozilla/5.0 (Windows NT 10.0; Win64; x64) AppleWebKit/537.36 (KHTML, like Gecko) Chrome/91.0.4472.101 Safari/537.36"
::1 - - [11/Jun/2021:23:06:30 +0000] "POST /graphql HTTP/1.1" 200 241 "-" "Mozilla/5.0 (Windows NT 10.0; Win64; x64) AppleWebKit/537.36 (KHTML, like Gecko) Chrome/91.0.4472.101 Safari/537.36"
::1 - - [11/Jun/2021:23:06:32 +0000] "POST /graphql HTTP/1.1" 200 241 "-" "Mozilla/5.0 (Windows NT 10.0; Win64; x64) AppleWebKit/537.36 (KHTML, like Gecko) Chrome/91.0.4472.101 Safari/537.36"
::1 - - [11/Jun/2021:23:07:37 +0000] "POST /graphql HTTP/1.1" 200 241 "-" "Mozilla/5.0 (Windows NT 10.0; Win64; x64) AppleWebKit/537.36 (KHTML, like Gecko) Chrome/91.0.4472.101 Safari/537.36"
::1 - - [11/Jun/2021:23:08:48 +0000] "POST /graphql HTTP/1.1" 200 241 "-" "Mozilla/5.0 (Windows NT 10.0; Win64; x64) AppleWebKit/537.36 (KHTML, like Gecko) Chrome/91.0.4472.101 Safari/537.36"
::1 - - [11/Jun/2021:23:09:10 +0000] "POST /graphql HTTP/1.1" 200 241 "-" "Mozilla/5.0 (Windows NT 10.0; Win64; x64) AppleWebKit/537.36 (KHTML, like Gecko) Chrome/91.0.4472.101 Safari/537.36"
::1 - - [11/Jun/2021:23:09:53 +0000] "POST /graphql HTTP/1.1" 200 241 "-" "Mozilla/5.0 (Windows NT 10.0; Win64; x64) AppleWebKit/537.36 (KHTML, like Gecko) Chrome/91.0.4472.101 Safari/537.36"
::1 - - [11/Jun/2021:23:11:34 +0000] "POST /graphql HTTP/1.1" 200 248 "-" "Mozilla/5.0 (Windows NT 10.0; Win64; x64) AppleWebKit/537.36 (KHTML, like Gecko) Chrome/91.0.4472.101 Safari/537.36"
::1 - - [11/Jun/2021:23:12:00 +0000] "POST /graphql HTTP/1.1" 200 248 "-" "Mozilla/5.0 (Windows NT 10.0; Win64; x64) AppleWebKit/537.36 (KHTML, like Gecko) Chrome/91.0.4472.101 Safari/537.36"
::1 - - [11/Jun/2021:23:15:31 +0000] "POST /graphql HTTP/1.1" 200 241 "-" "Mozilla/5.0 (Windows NT 10.0; Win64; x64) AppleWebKit/537.36 (KHTML, like Gecko) Chrome/91.0.4472.101 Safari/537.36"
::1 - - [11/Jun/2021:23:15:59 +0000] "POST /graphql HTTP/1.1" 400 187 "-" "Mozilla/5.0 (Windows NT 10.0; Win64; x64) AppleWebKit/537.36 (KHTML, like Gecko) Chrome/91.0.4472.101 Safari/537.36"
::1 - - [11/Jun/2021:23:17:33 +0000] "POST /graphql HTTP/1.1" 200 254 "-" "Mozilla/5.0 (Windows NT 10.0; Win64; x64) AppleWebKit/537.36 (KHTML, like Gecko) Chrome/91.0.4472.101 Safari/537.36"
::1 - - [11/Jun/2021:23:17:42 +0000] "POST /graphql HTTP/1.1" 200 254 "-" "Mozilla/5.0 (Windows NT 10.0; Win64; x64) AppleWebKit/537.36 (KHTML, like Gecko) Chrome/91.0.4472.101 Safari/537.36"
::1 - - [11/Jun/2021:23:17:43 +0000] "POST /graphql HTTP/1.1" 200 254 "-" "Mozilla/5.0 (Windows NT 10.0; Win64; x64) AppleWebKit/537.36 (KHTML, like Gecko) Chrome/91.0.4472.101 Safari/537.36"
::1 - - [11/Jun/2021:23:18:08 +0000] "POST /graphql HTTP/1.1" 200 254 "-" "Mozilla/5.0 (Windows NT 10.0; Win64; x64) AppleWebKit/537.36 (KHTML, like Gecko) Chrome/91.0.4472.101 Safari/537.36"
::1 - - [11/Jun/2021:23:18:53 +0000] "POST /graphql HTTP/1.1" 200 254 "-" "Mozilla/5.0 (Windows NT 10.0; Win64; x64) AppleWebKit/537.36 (KHTML, like Gecko) Chrome/91.0.4472.101 Safari/537.36"
::1 - - [11/Jun/2021:23:19:04 +0000] "POST /graphql HTTP/1.1" 200 254 "-" "Mozilla/5.0 (Windows NT 10.0; Win64; x64) AppleWebKit/537.36 (KHTML, like Gecko) Chrome/91.0.4472.101 Safari/537.36"
::1 - - [11/Jun/2021:23:21:21 +0000] "POST /graphql HTTP/1.1" 200 259 "-" "Mozilla/5.0 (Windows NT 10.0; Win64; x64) AppleWebKit/537.36 (KHTML, like Gecko) Chrome/91.0.4472.101 Safari/537.36"
::1 - - [11/Jun/2021:23:23:35 +0000] "POST /graphql HTTP/1.1" 200 260 "-" "Mozilla/5.0 (Windows NT 10.0; Win64; x64) AppleWebKit/537.36 (KHTML, like Gecko) Chrome/91.0.4472.101 Safari/537.36"
::1 - - [11/Jun/2021:23:25:33 +0000] "POST /graphql HTTP/1.1" 200 269 "-" "Mozilla/5.0 (Windows NT 10.0; Win64; x64) AppleWebKit/537.36 (KHTML, like Gecko) Chrome/91.0.4472.101 Safari/537.36"
::1 - - [11/Jun/2021:23:25:45 +0000] "POST /graphql HTTP/1.1" 200 269 "-" "Mozilla/5.0 (Windows NT 10.0; Win64; x64) AppleWebKit/537.36 (KHTML, like Gecko) Chrome/91.0.4472.101 Safari/537.36"
::1 - - [11/Jun/2021:23:26:13 +0000] "POST /graphql HTTP/1.1" 200 364 "-" "Mozilla/5.0 (Windows NT 10.0; Win64; x64) AppleWebKit/537.36 (KHTML, like Gecko) Chrome/91.0.4472.101 Safari/537.36"
::1 - - [11/Jun/2021:23:27:08 +0000] "POST /graphql HTTP/1.1" 200 364 "-" "Mozilla/5.0 (Windows NT 10.0; Win64; x64) AppleWebKit/537.36 (KHTML, like Gecko) Chrome/91.0.4472.101 Safari/537.36"
::1 - - [12/Jun/2021:00:38:57 +0000] "POST /graphql HTTP/1.1" 200 41383 "-" "Mozilla/5.0 (Windows NT 10.0; Win64; x64) AppleWebKit/537.36 (KHTML, like Gecko) Chrome/91.0.4472.101 Safari/537.36"
::1 - - [12/Jun/2021:00:39:01 +0000] "POST /graphql HTTP/1.1" 200 364 "-" "Mozilla/5.0 (Windows NT 10.0; Win64; x64) AppleWebKit/537.36 (KHTML, like Gecko) Chrome/91.0.4472.101 Safari/537.36"
::1 - - [12/Jun/2021:00:39:02 +0000] "POST /graphql HTTP/1.1" 200 364 "-" "Mozilla/5.0 (Windows NT 10.0; Win64; x64) AppleWebKit/537.36 (KHTML, like Gecko) Chrome/91.0.4472.101 Safari/537.36"
::1 - - [12/Jun/2021:00:39:04 +0000] "POST /graphql HTTP/1.1" 200 364 "-" "Mozilla/5.0 (Windows NT 10.0; Win64; x64) AppleWebKit/537.36 (KHTML, like Gecko) Chrome/91.0.4472.101 Safari/537.36"
::1 - - [12/Jun/2021:00:39:06 +0000] "POST /graphql HTTP/1.1" 200 41383 "-" "Mozilla/5.0 (Windows NT 10.0; Win64; x64) AppleWebKit/537.36 (KHTML, like Gecko) Chrome/91.0.4472.101 Safari/537.36"
::1 - - [12/Jun/2021:00:39:11 +0000] "POST /graphql HTTP/1.1" 200 364 "-" "Mozilla/5.0 (Windows NT 10.0; Win64; x64) AppleWebKit/537.36 (KHTML, like Gecko) Chrome/91.0.4472.101 Safari/537.36"
::1 - - [12/Jun/2021:00:41:46 +0000] "POST /graphql HTTP/1.1" 200 146 "-" "Mozilla/5.0 (Windows NT 10.0; Win64; x64) AppleWebKit/537.36 (KHTML, like Gecko) Chrome/91.0.4472.101 Safari/537.36"
::1 - - [12/Jun/2021:00:44:50 +0000] "POST /graphql HTTP/1.1" 400 200 "-" "Mozilla/5.0 (Windows NT 10.0; Win64; x64) AppleWebKit/537.36 (KHTML, like Gecko) Chrome/91.0.4472.101 Safari/537.36"
::1 - - [12/Jun/2021:00:45:20 +0000] "POST /graphql HTTP/1.1" 200 148 "-" "Mozilla/5.0 (Windows NT 10.0; Win64; x64) AppleWebKit/537.36 (KHTML, like Gecko) Chrome/91.0.4472.101 Safari/537.36"
::1 - - [12/Jun/2021:00:45:47 +0000] "POST /graphql HTTP/1.1" 200 254 "-" "Mozilla/5.0 (Windows NT 10.0; Win64; x64) AppleWebKit/537.36 (KHTML, like Gecko) Chrome/91.0.4472.101 Safari/537.36"
::1 - - [12/Jun/2021:00:48:15 +0000] "POST /graphql HTTP/1.1" 200 254 "-" "Mozilla/5.0 (Windows NT 10.0; Win64; x64) AppleWebKit/537.36 (KHTML, like Gecko) Chrome/91.0.4472.101 Safari/537.36"
::1 - - [12/Jun/2021:00:48:42 +0000] "POST /graphql HTTP/1.1" 200 241 "-" "Mozilla/5.0 (Windows NT 10.0; Win64; x64) AppleWebKit/537.36 (KHTML, like Gecko) Chrome/91.0.4472.101 Safari/537.36"
::1 - - [12/Jun/2021:00:50:43 +0000] "POST /graphql HTTP/1.1" 200 344 "-" "Mozilla/5.0 (Windows NT 10.0; Win64; x64) AppleWebKit/537.36 (KHTML, like Gecko) Chrome/91.0.4472.101 Safari/537.36"
::1 - - [12/Jun/2021:00:57:30 +0000] "POST /graphql HTTP/1.1" 200 258 "-" "Mozilla/5.0 (Windows NT 10.0; Win64; x64) AppleWebKit/537.36 (KHTML, like Gecko) Chrome/91.0.4472.101 Safari/537.36"
::1 - - [12/Jun/2021:01:00:36 +0000] "POST /graphql HTTP/1.1" 200 254 "-" "Mozilla/5.0 (Windows NT 10.0; Win64; x64) AppleWebKit/537.36 (KHTML, like Gecko) Chrome/91.0.4472.101 Safari/537.36"
::1 - - [12/Jun/2021:01:10:28 +0000] "POST /graphql HTTP/1.1" 200 149 "-" "Mozilla/5.0 (Windows NT 10.0; Win64; x64) AppleWebKit/537.36 (KHTML, like Gecko) Chrome/91.0.4472.101 Safari/537.36"
::1 - - [12/Jun/2021:01:11:26 +0000] "POST /graphql HTTP/1.1" 200 241 "-" "Mozilla/5.0 (Windows NT 10.0; Win64; x64) AppleWebKit/537.36 (KHTML, like Gecko) Chrome/91.0.4472.101 Safari/537.36"
::1 - - [12/Jun/2021:01:13:51 +0000] "POST /graphql HTTP/1.1" 200 254 "-" "Mozilla/5.0 (Windows NT 10.0; Win64; x64) AppleWebKit/537.36 (KHTML, like Gecko) Chrome/91.0.4472.101 Safari/537.36"
::1 - - [12/Jun/2021:01:14:34 +0000] "POST /graphql HTTP/1.1" 200 241 "-" "Mozilla/5.0 (Windows NT 10.0; Win64; x64) AppleWebKit/537.36 (KHTML, like Gecko) Chrome/91.0.4472.101 Safari/537.36"
::1 - - [12/Jun/2021:01:14:53 +0000] "POST /graphql HTTP/1.1" 200 241 "-" "Mozilla/5.0 (Windows NT 10.0; Win64; x64) AppleWebKit/537.36 (KHTML, like Gecko) Chrome/91.0.4472.101 Safari/537.36"
::1 - - [12/Jun/2021:01:14:55 +0000] "POST /graphql HTTP/1.1" 200 241 "-" "Mozilla/5.0 (Windows NT 10.0; Win64; x64) AppleWebKit/537.36 (KHTML, like Gecko) Chrome/91.0.4472.101 Safari/537.36"
::1 - - [12/Jun/2021:01:21:19 +0000] "POST /graphql HTTP/1.1" 200 241 "-" "Mozilla/5.0 (Windows NT 10.0; Win64; x64) AppleWebKit/537.36 (KHTML, like Gecko) Chrome/91.0.4472.101 Safari/537.36"
::1 - - [12/Jun/2021:01:21:20 +0000] "POST /graphql HTTP/1.1" 200 241 "-" "Mozilla/5.0 (Windows NT 10.0; Win64; x64) AppleWebKit/537.36 (KHTML, like Gecko) Chrome/91.0.4472.101 Safari/537.36"
::1 - - [12/Jun/2021:01:21:21 +0000] "POST /graphql HTTP/1.1" 200 241 "-" "Mozilla/5.0 (Windows NT 10.0; Win64; x64) AppleWebKit/537.36 (KHTML, like Gecko) Chrome/91.0.4472.101 Safari/537.36"
::1 - - [12/Jun/2021:01:22:27 +0000] "POST /graphql HTTP/1.1" 500 212 "-" "Mozilla/5.0 (Windows NT 10.0; Win64; x64) AppleWebKit/537.36 (KHTML, like Gecko) Chrome/91.0.4472.101 Safari/537.36"
::1 - - [12/Jun/2021:01:22:28 +0000] "POST /graphql HTTP/1.1" 500 212 "-" "Mozilla/5.0 (Windows NT 10.0; Win64; x64) AppleWebKit/537.36 (KHTML, like Gecko) Chrome/91.0.4472.101 Safari/537.36"
::1 - - [12/Jun/2021:01:22:42 +0000] "POST /graphql HTTP/1.1" 200 254 "-" "Mozilla/5.0 (Windows NT 10.0; Win64; x64) AppleWebKit/537.36 (KHTML, like Gecko) Chrome/91.0.4472.101 Safari/537.36"
::1 - - [12/Jun/2021:01:22:44 +0000] "POST /graphql HTTP/1.1" 200 254 "-" "Mozilla/5.0 (Windows NT 10.0; Win64; x64) AppleWebKit/537.36 (KHTML, like Gecko) Chrome/91.0.4472.101 Safari/537.36"
::1 - - [12/Jun/2021:01:23:00 +0000] "POST /graphql HTTP/1.1" 200 310 "-" "Mozilla/5.0 (Windows NT 10.0; Win64; x64) AppleWebKit/537.36 (KHTML, like Gecko) Chrome/91.0.4472.101 Safari/537.36"
::1 - - [12/Jun/2021:01:24:40 +0000] "POST /graphql HTTP/1.1" 200 143 "-" "Mozilla/5.0 (Windows NT 10.0; Win64; x64) AppleWebKit/537.36 (KHTML, like Gecko) Chrome/91.0.4472.101 Safari/537.36"
::1 - - [12/Jun/2021:01:25:21 +0000] "POST /graphql HTTP/1.1" 200 310 "-" "Mozilla/5.0 (Windows NT 10.0; Win64; x64) AppleWebKit/537.36 (KHTML, like Gecko) Chrome/91.0.4472.101 Safari/537.36"
::1 - - [12/Jun/2021:01:25:22 +0000] "POST /graphql HTTP/1.1" 200 310 "-" "Mozilla/5.0 (Windows NT 10.0; Win64; x64) AppleWebKit/537.36 (KHTML, like Gecko) Chrome/91.0.4472.101 Safari/537.36"
::1 - - [12/Jun/2021:01:26:22 +0000] "POST /graphql HTTP/1.1" 200 310 "-" "Mozilla/5.0 (Windows NT 10.0; Win64; x64) AppleWebKit/537.36 (KHTML, like Gecko) Chrome/91.0.4472.101 Safari/537.36"
::1 - - [12/Jun/2021:01:27:32 +0000] "POST /graphql HTTP/1.1" 200 143 "-" "Mozilla/5.0 (Windows NT 10.0; Win64; x64) AppleWebKit/537.36 (KHTML, like Gecko) Chrome/91.0.4472.101 Safari/537.36"
::1 - - [12/Jun/2021:01:27:52 +0000] "POST /graphql HTTP/1.1" 200 241 "-" "Mozilla/5.0 (Windows NT 10.0; Win64; x64) AppleWebKit/537.36 (KHTML, like Gecko) Chrome/91.0.4472.101 Safari/537.36"
::1 - - [12/Jun/2021:01:32:52 +0000] "POST /graphql HTTP/1.1" 200 241 "-" "Mozilla/5.0 (Windows NT 10.0; Win64; x64) AppleWebKit/537.36 (KHTML, like Gecko) Chrome/91.0.4472.101 Safari/537.36"
::1 - - [12/Jun/2021:01:32:53 +0000] "POST /graphql HTTP/1.1" 200 241 "-" "Mozilla/5.0 (Windows NT 10.0; Win64; x64) AppleWebKit/537.36 (KHTML, like Gecko) Chrome/91.0.4472.101 Safari/537.36"
::1 - - [12/Jun/2021:01:35:03 +0000] "POST /graphql HTTP/1.1" 200 252 "-" "Mozilla/5.0 (Windows NT 10.0; Win64; x64) AppleWebKit/537.36 (KHTML, like Gecko) Chrome/91.0.4472.101 Safari/537.36"
::1 - - [12/Jun/2021:01:35:04 +0000] "POST /graphql HTTP/1.1" 200 252 "-" "Mozilla/5.0 (Windows NT 10.0; Win64; x64) AppleWebKit/537.36 (KHTML, like Gecko) Chrome/91.0.4472.101 Safari/537.36"
::1 - - [12/Jun/2021:01:35:12 +0000] "POST /graphql HTTP/1.1" 200 252 "-" "Mozilla/5.0 (Windows NT 10.0; Win64; x64) AppleWebKit/537.36 (KHTML, like Gecko) Chrome/91.0.4472.101 Safari/537.36"
::1 - - [12/Jun/2021:01:36:48 +0000] "POST /graphql HTTP/1.1" 200 241 "-" "Mozilla/5.0 (Windows NT 10.0; Win64; x64) AppleWebKit/537.36 (KHTML, like Gecko) Chrome/91.0.4472.101 Safari/537.36"
::1 - - [12/Jun/2021:01:39:29 +0000] "POST /graphql HTTP/1.1" 200 248 "-" "Mozilla/5.0 (Windows NT 10.0; Win64; x64) AppleWebKit/537.36 (KHTML, like Gecko) Chrome/91.0.4472.101 Safari/537.36"
::1 - - [12/Jun/2021:01:39:31 +0000] "POST /graphql HTTP/1.1" 200 248 "-" "Mozilla/5.0 (Windows NT 10.0; Win64; x64) AppleWebKit/537.36 (KHTML, like Gecko) Chrome/91.0.4472.101 Safari/537.36"
::1 - - [12/Jun/2021:01:39:56 +0000] "POST /graphql HTTP/1.1" 200 248 "-" "Mozilla/5.0 (Windows NT 10.0; Win64; x64) AppleWebKit/537.36 (KHTML, like Gecko) Chrome/91.0.4472.101 Safari/537.36"
::1 - - [12/Jun/2021:01:39:59 +0000] "POST /graphql HTTP/1.1" 200 248 "-" "Mozilla/5.0 (Windows NT 10.0; Win64; x64) AppleWebKit/537.36 (KHTML, like Gecko) Chrome/91.0.4472.101 Safari/537.36"
::1 - - [12/Jun/2021:01:39:59 +0000] "POST /graphql HTTP/1.1" 200 248 "-" "Mozilla/5.0 (Windows NT 10.0; Win64; x64) AppleWebKit/537.36 (KHTML, like Gecko) Chrome/91.0.4472.101 Safari/537.36"
::1 - - [12/Jun/2021:01:40:51 +0000] "POST /graphql HTTP/1.1" 200 242 "-" "Mozilla/5.0 (Windows NT 10.0; Win64; x64) AppleWebKit/537.36 (KHTML, like Gecko) Chrome/91.0.4472.101 Safari/537.36"
::1 - - [12/Jun/2021:01:42:37 +0000] "POST /graphql HTTP/1.1" 200 241 "-" "Mozilla/5.0 (Windows NT 10.0; Win64; x64) AppleWebKit/537.36 (KHTML, like Gecko) Chrome/91.0.4472.101 Safari/537.36"
::1 - - [12/Jun/2021:01:42:38 +0000] "POST /graphql HTTP/1.1" 200 241 "-" "Mozilla/5.0 (Windows NT 10.0; Win64; x64) AppleWebKit/537.36 (KHTML, like Gecko) Chrome/91.0.4472.101 Safari/537.36"
::1 - - [12/Jun/2021:01:42:59 +0000] "POST /graphql HTTP/1.1" 200 241 "-" "Mozilla/5.0 (Windows NT 10.0; Win64; x64) AppleWebKit/537.36 (KHTML, like Gecko) Chrome/91.0.4472.101 Safari/537.36"
::1 - - [12/Jun/2021:01:43:20 +0000] "POST /graphql HTTP/1.1" 200 241 "-" "Mozilla/5.0 (Windows NT 10.0; Win64; x64) AppleWebKit/537.36 (KHTML, like Gecko) Chrome/91.0.4472.101 Safari/537.36"
::1 - - [12/Jun/2021:01:43:41 +0000] "POST /graphql HTTP/1.1" 200 252 "-" "Mozilla/5.0 (Windows NT 10.0; Win64; x64) AppleWebKit/537.36 (KHTML, like Gecko) Chrome/91.0.4472.101 Safari/537.36"
::1 - - [12/Jun/2021:01:43:56 +0000] "POST /graphql HTTP/1.1" 200 243 "-" "Mozilla/5.0 (Windows NT 10.0; Win64; x64) AppleWebKit/537.36 (KHTML, like Gecko) Chrome/91.0.4472.101 Safari/537.36"
::1 - - [12/Jun/2021:01:44:11 +0000] "POST /graphql HTTP/1.1" 200 136 "-" "Mozilla/5.0 (Windows NT 10.0; Win64; x64) AppleWebKit/537.36 (KHTML, like Gecko) Chrome/91.0.4472.101 Safari/537.36"
::1 - - [12/Jun/2021:01:45:22 +0000] "POST /graphql HTTP/1.1" 200 157 "-" "Mozilla/5.0 (Windows NT 10.0; Win64; x64) AppleWebKit/537.36 (KHTML, like Gecko) Chrome/91.0.4472.101 Safari/537.36"
::1 - - [12/Jun/2021:01:47:02 +0000] "POST /graphql HTTP/1.1" 200 157 "-" "Mozilla/5.0 (Windows NT 10.0; Win64; x64) AppleWebKit/537.36 (KHTML, like Gecko) Chrome/91.0.4472.101 Safari/537.36"
::1 - - [12/Jun/2021:01:49:06 +0000] "POST /graphql HTTP/1.1" 200 310 "-" "Mozilla/5.0 (Windows NT 10.0; Win64; x64) AppleWebKit/537.36 (KHTML, like Gecko) Chrome/91.0.4472.101 Safari/537.36"
::1 - - [12/Jun/2021:01:50:15 +0000] "POST /graphql HTTP/1.1" 200 326 "-" "Mozilla/5.0 (Windows NT 10.0; Win64; x64) AppleWebKit/537.36 (KHTML, like Gecko) Chrome/91.0.4472.101 Safari/537.36"
::1 - - [12/Jun/2021:01:50:17 +0000] "POST /graphql HTTP/1.1" 200 326 "-" "Mozilla/5.0 (Windows NT 10.0; Win64; x64) AppleWebKit/537.36 (KHTML, like Gecko) Chrome/91.0.4472.101 Safari/537.36"
::1 - - [12/Jun/2021:01:50:21 +0000] "POST /graphql HTTP/1.1" 200 326 "-" "Mozilla/5.0 (Windows NT 10.0; Win64; x64) AppleWebKit/537.36 (KHTML, like Gecko) Chrome/91.0.4472.101 Safari/537.36"
::1 - - [12/Jun/2021:01:50:22 +0000] "POST /graphql HTTP/1.1" 200 326 "-" "Mozilla/5.0 (Windows NT 10.0; Win64; x64) AppleWebKit/537.36 (KHTML, like Gecko) Chrome/91.0.4472.101 Safari/537.36"
::1 - - [12/Jun/2021:01:50:23 +0000] "POST /graphql HTTP/1.1" 200 326 "-" "Mozilla/5.0 (Windows NT 10.0; Win64; x64) AppleWebKit/537.36 (KHTML, like Gecko) Chrome/91.0.4472.101 Safari/537.36"
::1 - - [12/Jun/2021:01:50:23 +0000] "POST /graphql HTTP/1.1" 200 326 "-" "Mozilla/5.0 (Windows NT 10.0; Win64; x64) AppleWebKit/537.36 (KHTML, like Gecko) Chrome/91.0.4472.101 Safari/537.36"
::1 - - [12/Jun/2021:01:50:24 +0000] "POST /graphql HTTP/1.1" 200 326 "-" "Mozilla/5.0 (Windows NT 10.0; Win64; x64) AppleWebKit/537.36 (KHTML, like Gecko) Chrome/91.0.4472.101 Safari/537.36"
::1 - - [12/Jun/2021:01:50:24 +0000] "POST /graphql HTTP/1.1" 200 326 "-" "Mozilla/5.0 (Windows NT 10.0; Win64; x64) AppleWebKit/537.36 (KHTML, like Gecko) Chrome/91.0.4472.101 Safari/537.36"
::1 - - [12/Jun/2021:01:50:25 +0000] "POST /graphql HTTP/1.1" 200 326 "-" "Mozilla/5.0 (Windows NT 10.0; Win64; x64) AppleWebKit/537.36 (KHTML, like Gecko) Chrome/91.0.4472.101 Safari/537.36"
::1 - - [12/Jun/2021:01:50:26 +0000] "POST /graphql HTTP/1.1" 200 326 "-" "Mozilla/5.0 (Windows NT 10.0; Win64; x64) AppleWebKit/537.36 (KHTML, like Gecko) Chrome/91.0.4472.101 Safari/537.36"
::1 - - [12/Jun/2021:01:50:26 +0000] "POST /graphql HTTP/1.1" 200 326 "-" "Mozilla/5.0 (Windows NT 10.0; Win64; x64) AppleWebKit/537.36 (KHTML, like Gecko) Chrome/91.0.4472.101 Safari/537.36"
::1 - - [12/Jun/2021:01:50:47 +0000] "POST /graphql HTTP/1.1" 200 326 "-" "Mozilla/5.0 (Windows NT 10.0; Win64; x64) AppleWebKit/537.36 (KHTML, like Gecko) Chrome/91.0.4472.101 Safari/537.36"
::1 - - [12/Jun/2021:01:51:20 +0000] "POST /graphql HTTP/1.1" 200 326 "-" "Mozilla/5.0 (Windows NT 10.0; Win64; x64) AppleWebKit/537.36 (KHTML, like Gecko) Chrome/91.0.4472.101 Safari/537.36"
::1 - - [12/Jun/2021:01:51:50 +0000] "POST /graphql HTTP/1.1" 200 326 "-" "Mozilla/5.0 (Windows NT 10.0; Win64; x64) AppleWebKit/537.36 (KHTML, like Gecko) Chrome/91.0.4472.101 Safari/537.36"
::1 - - [12/Jun/2021:01:52:17 +0000] "POST /graphql HTTP/1.1" 200 326 "-" "Mozilla/5.0 (Windows NT 10.0; Win64; x64) AppleWebKit/537.36 (KHTML, like Gecko) Chrome/91.0.4472.101 Safari/537.36"
::1 - - [12/Jun/2021:01:54:30 +0000] "POST /graphql HTTP/1.1" 200 326 "-" "Mozilla/5.0 (Windows NT 10.0; Win64; x64) AppleWebKit/537.36 (KHTML, like Gecko) Chrome/91.0.4472.101 Safari/537.36"
::1 - - [12/Jun/2021:03:31:02 +0000] "POST /graphql HTTP/1.1" 200 41765 "-" "Mozilla/5.0 (Windows NT 10.0; Win64; x64) AppleWebKit/537.36 (KHTML, like Gecko) Chrome/91.0.4472.101 Safari/537.36"
::1 - - [12/Jun/2021:03:34:20 +0000] "POST /graphql HTTP/1.1" 200 245 "-" "Mozilla/5.0 (Windows NT 10.0; Win64; x64) AppleWebKit/537.36 (KHTML, like Gecko) Chrome/91.0.4472.101 Safari/537.36"
::1 - - [12/Jun/2021:03:34:24 +0000] "POST /graphql HTTP/1.1" 200 245 "-" "Mozilla/5.0 (Windows NT 10.0; Win64; x64) AppleWebKit/537.36 (KHTML, like Gecko) Chrome/91.0.4472.101 Safari/537.36"
::1 - - [12/Jun/2021:03:34:49 +0000] "POST /graphql HTTP/1.1" 200 240 "-" "Mozilla/5.0 (Windows NT 10.0; Win64; x64) AppleWebKit/537.36 (KHTML, like Gecko) Chrome/91.0.4472.101 Safari/537.36"
::1 - - [12/Jun/2021:03:39:16 +0000] "POST /graphql HTTP/1.1" 200 240 "-" "Mozilla/5.0 (Windows NT 10.0; Win64; x64) AppleWebKit/537.36 (KHTML, like Gecko) Chrome/91.0.4472.101 Safari/537.36"
::1 - - [12/Jun/2021:03:39:19 +0000] "POST /graphql HTTP/1.1" 200 240 "-" "Mozilla/5.0 (Windows NT 10.0; Win64; x64) AppleWebKit/537.36 (KHTML, like Gecko) Chrome/91.0.4472.101 Safari/537.36"
::1 - - [12/Jun/2021:03:39:30 +0000] "POST /graphql HTTP/1.1" 200 244 "-" "Mozilla/5.0 (Windows NT 10.0; Win64; x64) AppleWebKit/537.36 (KHTML, like Gecko) Chrome/91.0.4472.101 Safari/537.36"
::1 - - [12/Jun/2021:03:41:43 +0000] "POST /graphql HTTP/1.1" 200 244 "-" "Mozilla/5.0 (Windows NT 10.0; Win64; x64) AppleWebKit/537.36 (KHTML, like Gecko) Chrome/91.0.4472.101 Safari/537.36"
::1 - - [12/Jun/2021:03:48:30 +0000] "POST /graphql HTTP/1.1" 200 244 "-" "Mozilla/5.0 (Windows NT 10.0; Win64; x64) AppleWebKit/537.36 (KHTML, like Gecko) Chrome/91.0.4472.101 Safari/537.36"
::1 - - [12/Jun/2021:03:48:32 +0000] "POST /graphql HTTP/1.1" 200 244 "-" "Mozilla/5.0 (Windows NT 10.0; Win64; x64) AppleWebKit/537.36 (KHTML, like Gecko) Chrome/91.0.4472.101 Safari/537.36"
::1 - - [12/Jun/2021:03:48:32 +0000] "POST /graphql HTTP/1.1" 200 244 "-" "Mozilla/5.0 (Windows NT 10.0; Win64; x64) AppleWebKit/537.36 (KHTML, like Gecko) Chrome/91.0.4472.101 Safari/537.36"
::1 - - [12/Jun/2021:03:51:45 +0000] "POST /graphql HTTP/1.1" 200 244 "-" "Mozilla/5.0 (Windows NT 10.0; Win64; x64) AppleWebKit/537.36 (KHTML, like Gecko) Chrome/91.0.4472.101 Safari/537.36"
::1 - - [12/Jun/2021:03:52:11 +0000] "POST /graphql HTTP/1.1" 200 244 "-" "Mozilla/5.0 (Windows NT 10.0; Win64; x64) AppleWebKit/537.36 (KHTML, like Gecko) Chrome/91.0.4472.101 Safari/537.36"
::1 - - [12/Jun/2021:03:52:36 +0000] "POST /graphql HTTP/1.1" 200 240 "-" "Mozilla/5.0 (Windows NT 10.0; Win64; x64) AppleWebKit/537.36 (KHTML, like Gecko) Chrome/91.0.4472.101 Safari/537.36"
::1 - - [12/Jun/2021:03:54:22 +0000] "POST /graphql HTTP/1.1" 200 240 "-" "Mozilla/5.0 (Windows NT 10.0; Win64; x64) AppleWebKit/537.36 (KHTML, like Gecko) Chrome/91.0.4472.101 Safari/537.36"
::1 - - [12/Jun/2021:03:54:23 +0000] "POST /graphql HTTP/1.1" 200 240 "-" "Mozilla/5.0 (Windows NT 10.0; Win64; x64) AppleWebKit/537.36 (KHTML, like Gecko) Chrome/91.0.4472.101 Safari/537.36"
::1 - - [12/Jun/2021:03:54:24 +0000] "POST /graphql HTTP/1.1" 200 240 "-" "Mozilla/5.0 (Windows NT 10.0; Win64; x64) AppleWebKit/537.36 (KHTML, like Gecko) Chrome/91.0.4472.101 Safari/537.36"
::1 - - [12/Jun/2021:03:56:14 +0000] "POST /graphql HTTP/1.1" 200 240 "-" "Mozilla/5.0 (Windows NT 10.0; Win64; x64) AppleWebKit/537.36 (KHTML, like Gecko) Chrome/91.0.4472.101 Safari/537.36"
::1 - - [12/Jun/2021:03:56:16 +0000] "POST /graphql HTTP/1.1" 200 240 "-" "Mozilla/5.0 (Windows NT 10.0; Win64; x64) AppleWebKit/537.36 (KHTML, like Gecko) Chrome/91.0.4472.101 Safari/537.36"
::1 - - [12/Jun/2021:03:57:13 +0000] "POST /graphql HTTP/1.1" 200 164 "-" "Mozilla/5.0 (Windows NT 10.0; Win64; x64) AppleWebKit/537.36 (KHTML, like Gecko) Chrome/91.0.4472.101 Safari/537.36"
::1 - - [12/Jun/2021:03:57:32 +0000] "POST /graphql HTTP/1.1" 200 240 "-" "Mozilla/5.0 (Windows NT 10.0; Win64; x64) AppleWebKit/537.36 (KHTML, like Gecko) Chrome/91.0.4472.101 Safari/537.36"
::1 - - [12/Jun/2021:04:00:15 +0000] "POST /graphql HTTP/1.1" 200 250 "-" "Mozilla/5.0 (Windows NT 10.0; Win64; x64) AppleWebKit/537.36 (KHTML, like Gecko) Chrome/91.0.4472.101 Safari/537.36"
::1 - - [12/Jun/2021:04:00:15 +0000] "POST /graphql HTTP/1.1" 200 250 "-" "Mozilla/5.0 (Windows NT 10.0; Win64; x64) AppleWebKit/537.36 (KHTML, like Gecko) Chrome/91.0.4472.101 Safari/537.36"
::1 - - [12/Jun/2021:04:03:07 +0000] "POST /graphql HTTP/1.1" 200 250 "-" "Mozilla/5.0 (Windows NT 10.0; Win64; x64) AppleWebKit/537.36 (KHTML, like Gecko) Chrome/91.0.4472.101 Safari/537.36"
::1 - - [12/Jun/2021:04:04:26 +0000] "POST /graphql HTTP/1.1" 200 240 "-" "Mozilla/5.0 (Windows NT 10.0; Win64; x64) AppleWebKit/537.36 (KHTML, like Gecko) Chrome/91.0.4472.101 Safari/537.36"
::1 - - [12/Jun/2021:04:04:28 +0000] "POST /graphql HTTP/1.1" 200 240 "-" "Mozilla/5.0 (Windows NT 10.0; Win64; x64) AppleWebKit/537.36 (KHTML, like Gecko) Chrome/91.0.4472.101 Safari/537.36"
::1 - - [12/Jun/2021:04:05:19 +0000] "POST /graphql HTTP/1.1" 200 240 "-" "Mozilla/5.0 (Windows NT 10.0; Win64; x64) AppleWebKit/537.36 (KHTML, like Gecko) Chrome/91.0.4472.101 Safari/537.36"
::1 - - [12/Jun/2021:04:05:19 +0000] "POST /graphql HTTP/1.1" 200 240 "-" "Mozilla/5.0 (Windows NT 10.0; Win64; x64) AppleWebKit/537.36 (KHTML, like Gecko) Chrome/91.0.4472.101 Safari/537.36"
::1 - - [12/Jun/2021:04:05:45 +0000] "POST /graphql HTTP/1.1" 200 240 "-" "Mozilla/5.0 (Windows NT 10.0; Win64; x64) AppleWebKit/537.36 (KHTML, like Gecko) Chrome/91.0.4472.101 Safari/537.36"
::1 - - [12/Jun/2021:04:07:10 +0000] "POST /graphql HTTP/1.1" 200 241 "-" "Mozilla/5.0 (Windows NT 10.0; Win64; x64) AppleWebKit/537.36 (KHTML, like Gecko) Chrome/91.0.4472.101 Safari/537.36"
::1 - - [12/Jun/2021:04:07:11 +0000] "POST /graphql HTTP/1.1" 200 241 "-" "Mozilla/5.0 (Windows NT 10.0; Win64; x64) AppleWebKit/537.36 (KHTML, like Gecko) Chrome/91.0.4472.101 Safari/537.36"
::1 - - [12/Jun/2021:04:07:26 +0000] "POST /graphql HTTP/1.1" 200 241 "-" "Mozilla/5.0 (Windows NT 10.0; Win64; x64) AppleWebKit/537.36 (KHTML, like Gecko) Chrome/91.0.4472.101 Safari/537.36"
::1 - - [12/Jun/2021:04:07:43 +0000] "POST /graphql HTTP/1.1" 200 240 "-" "Mozilla/5.0 (Windows NT 10.0; Win64; x64) AppleWebKit/537.36 (KHTML, like Gecko) Chrome/91.0.4472.101 Safari/537.36"
::1 - - [12/Jun/2021:04:07:44 +0000] "POST /graphql HTTP/1.1" 200 240 "-" "Mozilla/5.0 (Windows NT 10.0; Win64; x64) AppleWebKit/537.36 (KHTML, like Gecko) Chrome/91.0.4472.101 Safari/537.36"
::1 - - [12/Jun/2021:04:09:57 +0000] "POST /graphql HTTP/1.1" 200 244 "-" "Mozilla/5.0 (Windows NT 10.0; Win64; x64) AppleWebKit/537.36 (KHTML, like Gecko) Chrome/91.0.4472.101 Safari/537.36"
::1 - - [12/Jun/2021:04:09:59 +0000] "POST /graphql HTTP/1.1" 200 244 "-" "Mozilla/5.0 (Windows NT 10.0; Win64; x64) AppleWebKit/537.36 (KHTML, like Gecko) Chrome/91.0.4472.101 Safari/537.36"
::1 - - [12/Jun/2021:04:10:00 +0000] "POST /graphql HTTP/1.1" 200 244 "-" "Mozilla/5.0 (Windows NT 10.0; Win64; x64) AppleWebKit/537.36 (KHTML, like Gecko) Chrome/91.0.4472.101 Safari/537.36"
::1 - - [12/Jun/2021:04:10:01 +0000] "POST /graphql HTTP/1.1" 200 244 "-" "Mozilla/5.0 (Windows NT 10.0; Win64; x64) AppleWebKit/537.36 (KHTML, like Gecko) Chrome/91.0.4472.101 Safari/537.36"
::1 - - [12/Jun/2021:04:12:36 +0000] "POST /graphql HTTP/1.1" 200 248 "-" "Mozilla/5.0 (Windows NT 10.0; Win64; x64) AppleWebKit/537.36 (KHTML, like Gecko) Chrome/91.0.4472.101 Safari/537.36"
::1 - - [12/Jun/2021:04:13:03 +0000] "POST /graphql HTTP/1.1" 200 245 "-" "Mozilla/5.0 (Windows NT 10.0; Win64; x64) AppleWebKit/537.36 (KHTML, like Gecko) Chrome/91.0.4472.101 Safari/537.36"
::1 - - [12/Jun/2021:04:13:34 +0000] "POST /graphql HTTP/1.1" 200 326 "-" "Mozilla/5.0 (Windows NT 10.0; Win64; x64) AppleWebKit/537.36 (KHTML, like Gecko) Chrome/91.0.4472.101 Safari/537.36"
::1 - - [12/Jun/2021:04:14:00 +0000] "POST /graphql HTTP/1.1" 200 240 "-" "Mozilla/5.0 (Windows NT 10.0; Win64; x64) AppleWebKit/537.36 (KHTML, like Gecko) Chrome/91.0.4472.101 Safari/537.36"
::1 - - [12/Jun/2021:04:14:03 +0000] "POST /graphql HTTP/1.1" 200 240 "-" "Mozilla/5.0 (Windows NT 10.0; Win64; x64) AppleWebKit/537.36 (KHTML, like Gecko) Chrome/91.0.4472.101 Safari/537.36"
::1 - - [12/Jun/2021:04:14:04 +0000] "POST /graphql HTTP/1.1" 200 240 "-" "Mozilla/5.0 (Windows NT 10.0; Win64; x64) AppleWebKit/537.36 (KHTML, like Gecko) Chrome/91.0.4472.101 Safari/537.36"
::1 - - [12/Jun/2021:04:14:17 +0000] "POST /graphql HTTP/1.1" 200 240 "-" "Mozilla/5.0 (Windows NT 10.0; Win64; x64) AppleWebKit/537.36 (KHTML, like Gecko) Chrome/91.0.4472.101 Safari/537.36"
::1 - - [12/Jun/2021:04:14:28 +0000] "POST /graphql HTTP/1.1" 200 326 "-" "Mozilla/5.0 (Windows NT 10.0; Win64; x64) AppleWebKit/537.36 (KHTML, like Gecko) Chrome/91.0.4472.101 Safari/537.36"
::1 - - [12/Jun/2021:04:14:31 +0000] "POST /graphql HTTP/1.1" 200 326 "-" "Mozilla/5.0 (Windows NT 10.0; Win64; x64) AppleWebKit/537.36 (KHTML, like Gecko) Chrome/91.0.4472.101 Safari/537.36"
::1 - - [12/Jun/2021:04:14:33 +0000] "POST /graphql HTTP/1.1" 200 326 "-" "Mozilla/5.0 (Windows NT 10.0; Win64; x64) AppleWebKit/537.36 (KHTML, like Gecko) Chrome/91.0.4472.101 Safari/537.36"
::1 - - [12/Jun/2021:04:14:33 +0000] "POST /graphql HTTP/1.1" 200 326 "-" "Mozilla/5.0 (Windows NT 10.0; Win64; x64) AppleWebKit/537.36 (KHTML, like Gecko) Chrome/91.0.4472.101 Safari/537.36"
::1 - - [12/Jun/2021:04:14:34 +0000] "POST /graphql HTTP/1.1" 200 326 "-" "Mozilla/5.0 (Windows NT 10.0; Win64; x64) AppleWebKit/537.36 (KHTML, like Gecko) Chrome/91.0.4472.101 Safari/537.36"
::1 - - [12/Jun/2021:04:14:35 +0000] "POST /graphql HTTP/1.1" 200 326 "-" "Mozilla/5.0 (Windows NT 10.0; Win64; x64) AppleWebKit/537.36 (KHTML, like Gecko) Chrome/91.0.4472.101 Safari/537.36"
::1 - - [12/Jun/2021:04:14:35 +0000] "POST /graphql HTTP/1.1" 200 326 "-" "Mozilla/5.0 (Windows NT 10.0; Win64; x64) AppleWebKit/537.36 (KHTML, like Gecko) Chrome/91.0.4472.101 Safari/537.36"
::1 - - [12/Jun/2021:04:14:50 +0000] "POST /graphql HTTP/1.1" 200 326 "-" "Mozilla/5.0 (Windows NT 10.0; Win64; x64) AppleWebKit/537.36 (KHTML, like Gecko) Chrome/91.0.4472.101 Safari/537.36"
::1 - - [12/Jun/2021:04:15:05 +0000] "POST /graphql HTTP/1.1" 200 240 "-" "Mozilla/5.0 (Windows NT 10.0; Win64; x64) AppleWebKit/537.36 (KHTML, like Gecko) Chrome/91.0.4472.101 Safari/537.36"
::1 - - [12/Jun/2021:04:15:28 +0000] "POST /graphql HTTP/1.1" 200 240 "-" "Mozilla/5.0 (Windows NT 10.0; Win64; x64) AppleWebKit/537.36 (KHTML, like Gecko) Chrome/91.0.4472.101 Safari/537.36"
::1 - - [12/Jun/2021:04:15:39 +0000] "POST /graphql HTTP/1.1" 200 240 "-" "Mozilla/5.0 (Windows NT 10.0; Win64; x64) AppleWebKit/537.36 (KHTML, like Gecko) Chrome/91.0.4472.101 Safari/537.36"
::ffff:127.0.0.1 - - [12/Jun/2021:04:15:57 +0000] "POST /graphql HTTP/1.1" 200 244 "-" "Mozilla/5.0 (Windows NT 10.0; Win64; x64) AppleWebKit/537.36 (KHTML, like Gecko) Chrome/91.0.4472.101 Safari/537.36"
::1 - - [12/Jun/2021:04:16:07 +0000] "POST /graphql HTTP/1.1" 200 240 "-" "Mozilla/5.0 (Windows NT 10.0; Win64; x64) AppleWebKit/537.36 (KHTML, like Gecko) Chrome/91.0.4472.101 Safari/537.36"
::1 - - [12/Jun/2021:04:17:49 +0000] "POST /graphql HTTP/1.1" 200 240 "-" "Mozilla/5.0 (Windows NT 10.0; Win64; x64) AppleWebKit/537.36 (KHTML, like Gecko) Chrome/91.0.4472.101 Safari/537.36"
::1 - - [12/Jun/2021:04:18:17 +0000] "POST /graphql HTTP/1.1" 200 240 "-" "Mozilla/5.0 (Windows NT 10.0; Win64; x64) AppleWebKit/537.36 (KHTML, like Gecko) Chrome/91.0.4472.101 Safari/537.36"
::1 - - [12/Jun/2021:04:18:44 +0000] "POST /graphql HTTP/1.1" 200 240 "-" "Mozilla/5.0 (Windows NT 10.0; Win64; x64) AppleWebKit/537.36 (KHTML, like Gecko) Chrome/91.0.4472.101 Safari/537.36"
::1 - - [12/Jun/2021:04:18:47 +0000] "POST /graphql HTTP/1.1" 200 240 "-" "Mozilla/5.0 (Windows NT 10.0; Win64; x64) AppleWebKit/537.36 (KHTML, like Gecko) Chrome/91.0.4472.101 Safari/537.36"
::1 - - [12/Jun/2021:04:20:39 +0000] "POST /graphql HTTP/1.1" 200 326 "-" "Mozilla/5.0 (Windows NT 10.0; Win64; x64) AppleWebKit/537.36 (KHTML, like Gecko) Chrome/91.0.4472.101 Safari/537.36"
::1 - - [12/Jun/2021:04:20:41 +0000] "POST /graphql HTTP/1.1" 200 326 "-" "Mozilla/5.0 (Windows NT 10.0; Win64; x64) AppleWebKit/537.36 (KHTML, like Gecko) Chrome/91.0.4472.101 Safari/537.36"
::1 - - [12/Jun/2021:04:20:42 +0000] "POST /graphql HTTP/1.1" 200 326 "-" "Mozilla/5.0 (Windows NT 10.0; Win64; x64) AppleWebKit/537.36 (KHTML, like Gecko) Chrome/91.0.4472.101 Safari/537.36"
::1 - - [12/Jun/2021:04:20:43 +0000] "POST /graphql HTTP/1.1" 200 326 "-" "Mozilla/5.0 (Windows NT 10.0; Win64; x64) AppleWebKit/537.36 (KHTML, like Gecko) Chrome/91.0.4472.101 Safari/537.36"
::1 - - [12/Jun/2021:04:20:45 +0000] "POST /graphql HTTP/1.1" 200 326 "-" "Mozilla/5.0 (Windows NT 10.0; Win64; x64) AppleWebKit/537.36 (KHTML, like Gecko) Chrome/91.0.4472.101 Safari/537.36"
::1 - - [12/Jun/2021:04:20:46 +0000] "POST /graphql HTTP/1.1" 200 326 "-" "Mozilla/5.0 (Windows NT 10.0; Win64; x64) AppleWebKit/537.36 (KHTML, like Gecko) Chrome/91.0.4472.101 Safari/537.36"
::1 - - [12/Jun/2021:04:20:47 +0000] "POST /graphql HTTP/1.1" 200 326 "-" "Mozilla/5.0 (Windows NT 10.0; Win64; x64) AppleWebKit/537.36 (KHTML, like Gecko) Chrome/91.0.4472.101 Safari/537.36"
::1 - - [12/Jun/2021:04:20:48 +0000] "POST /graphql HTTP/1.1" 200 326 "-" "Mozilla/5.0 (Windows NT 10.0; Win64; x64) AppleWebKit/537.36 (KHTML, like Gecko) Chrome/91.0.4472.101 Safari/537.36"
::1 - - [12/Jun/2021:04:20:48 +0000] "POST /graphql HTTP/1.1" 200 326 "-" "Mozilla/5.0 (Windows NT 10.0; Win64; x64) AppleWebKit/537.36 (KHTML, like Gecko) Chrome/91.0.4472.101 Safari/537.36"
::1 - - [12/Jun/2021:04:20:48 +0000] "POST /graphql HTTP/1.1" 200 326 "-" "Mozilla/5.0 (Windows NT 10.0; Win64; x64) AppleWebKit/537.36 (KHTML, like Gecko) Chrome/91.0.4472.101 Safari/537.36"
::1 - - [12/Jun/2021:04:20:48 +0000] "POST /graphql HTTP/1.1" 200 326 "-" "Mozilla/5.0 (Windows NT 10.0; Win64; x64) AppleWebKit/537.36 (KHTML, like Gecko) Chrome/91.0.4472.101 Safari/537.36"
::1 - - [12/Jun/2021:04:20:49 +0000] "POST /graphql HTTP/1.1" 200 326 "-" "Mozilla/5.0 (Windows NT 10.0; Win64; x64) AppleWebKit/537.36 (KHTML, like Gecko) Chrome/91.0.4472.101 Safari/537.36"
::1 - - [12/Jun/2021:04:20:49 +0000] "POST /graphql HTTP/1.1" 200 326 "-" "Mozilla/5.0 (Windows NT 10.0; Win64; x64) AppleWebKit/537.36 (KHTML, like Gecko) Chrome/91.0.4472.101 Safari/537.36"
::1 - - [12/Jun/2021:04:20:49 +0000] "POST /graphql HTTP/1.1" 200 326 "-" "Mozilla/5.0 (Windows NT 10.0; Win64; x64) AppleWebKit/537.36 (KHTML, like Gecko) Chrome/91.0.4472.101 Safari/537.36"
::1 - - [12/Jun/2021:04:21:02 +0000] "POST /graphql HTTP/1.1" 200 240 "-" "Mozilla/5.0 (Windows NT 10.0; Win64; x64) AppleWebKit/537.36 (KHTML, like Gecko) Chrome/91.0.4472.101 Safari/537.36"
::1 - - [12/Jun/2021:04:21:12 +0000] "POST /graphql HTTP/1.1" 200 240 "-" "Mozilla/5.0 (Windows NT 10.0; Win64; x64) AppleWebKit/537.36 (KHTML, like Gecko) Chrome/91.0.4472.101 Safari/537.36"
::1 - - [12/Jun/2021:04:21:21 +0000] "POST /graphql HTTP/1.1" 500 250 "-" "Mozilla/5.0 (Windows NT 10.0; Win64; x64) AppleWebKit/537.36 (KHTML, like Gecko) Chrome/91.0.4472.101 Safari/537.36"
::1 - - [12/Jun/2021:04:21:29 +0000] "POST /graphql HTTP/1.1" 200 240 "-" "Mozilla/5.0 (Windows NT 10.0; Win64; x64) AppleWebKit/537.36 (KHTML, like Gecko) Chrome/91.0.4472.101 Safari/537.36"
::1 - - [12/Jun/2021:04:22:00 +0000] "POST /graphql HTTP/1.1" 200 240 "-" "Mozilla/5.0 (Windows NT 10.0; Win64; x64) AppleWebKit/537.36 (KHTML, like Gecko) Chrome/91.0.4472.101 Safari/537.36"
::1 - - [12/Jun/2021:04:22:01 +0000] "POST /graphql HTTP/1.1" 200 240 "-" "Mozilla/5.0 (Windows NT 10.0; Win64; x64) AppleWebKit/537.36 (KHTML, like Gecko) Chrome/91.0.4472.101 Safari/537.36"
::1 - - [12/Jun/2021:04:26:00 +0000] "POST /graphql HTTP/1.1" 200 294 "-" "Mozilla/5.0 (Windows NT 10.0; Win64; x64) AppleWebKit/537.36 (KHTML, like Gecko) Chrome/91.0.4472.101 Safari/537.36"
::1 - - [12/Jun/2021:04:26:01 +0000] "POST /graphql HTTP/1.1" 200 294 "-" "Mozilla/5.0 (Windows NT 10.0; Win64; x64) AppleWebKit/537.36 (KHTML, like Gecko) Chrome/91.0.4472.101 Safari/537.36"
::1 - - [12/Jun/2021:04:26:02 +0000] "POST /graphql HTTP/1.1" 200 294 "-" "Mozilla/5.0 (Windows NT 10.0; Win64; x64) AppleWebKit/537.36 (KHTML, like Gecko) Chrome/91.0.4472.101 Safari/537.36"
::1 - - [12/Jun/2021:04:26:02 +0000] "POST /graphql HTTP/1.1" 200 294 "-" "Mozilla/5.0 (Windows NT 10.0; Win64; x64) AppleWebKit/537.36 (KHTML, like Gecko) Chrome/91.0.4472.101 Safari/537.36"
::1 - - [12/Jun/2021:04:29:41 +0000] "POST /graphql HTTP/1.1" 200 265 "-" "Mozilla/5.0 (Windows NT 10.0; Win64; x64) AppleWebKit/537.36 (KHTML, like Gecko) Chrome/91.0.4472.101 Safari/537.36"
::1 - - [12/Jun/2021:04:29:45 +0000] "POST /graphql HTTP/1.1" 200 265 "-" "Mozilla/5.0 (Windows NT 10.0; Win64; x64) AppleWebKit/537.36 (KHTML, like Gecko) Chrome/91.0.4472.101 Safari/537.36"
::1 - - [12/Jun/2021:04:29:48 +0000] "POST /graphql HTTP/1.1" 200 265 "-" "Mozilla/5.0 (Windows NT 10.0; Win64; x64) AppleWebKit/537.36 (KHTML, like Gecko) Chrome/91.0.4472.101 Safari/537.36"
::1 - - [12/Jun/2021:04:30:43 +0000] "POST /graphql HTTP/1.1" 200 162 "-" "Mozilla/5.0 (Windows NT 10.0; Win64; x64) AppleWebKit/537.36 (KHTML, like Gecko) Chrome/91.0.4472.101 Safari/537.36"
::1 - - [12/Jun/2021:04:31:05 +0000] "POST /graphql HTTP/1.1" 200 240 "-" "Mozilla/5.0 (Windows NT 10.0; Win64; x64) AppleWebKit/537.36 (KHTML, like Gecko) Chrome/91.0.4472.101 Safari/537.36"
::1 - - [12/Jun/2021:04:31:34 +0000] "POST /graphql HTTP/1.1" 200 240 "-" "Mozilla/5.0 (Windows NT 10.0; Win64; x64) AppleWebKit/537.36 (KHTML, like Gecko) Chrome/91.0.4472.101 Safari/537.36"
::1 - - [12/Jun/2021:04:31:41 +0000] "POST /graphql HTTP/1.1" 200 240 "-" "Mozilla/5.0 (Windows NT 10.0; Win64; x64) AppleWebKit/537.36 (KHTML, like Gecko) Chrome/91.0.4472.101 Safari/537.36"
::1 - - [12/Jun/2021:04:31:43 +0000] "POST /graphql HTTP/1.1" 200 240 "-" "Mozilla/5.0 (Windows NT 10.0; Win64; x64) AppleWebKit/537.36 (KHTML, like Gecko) Chrome/91.0.4472.101 Safari/537.36"
::1 - - [12/Jun/2021:04:31:50 +0000] "POST /graphql HTTP/1.1" 200 240 "-" "Mozilla/5.0 (Windows NT 10.0; Win64; x64) AppleWebKit/537.36 (KHTML, like Gecko) Chrome/91.0.4472.101 Safari/537.36"
::1 - - [12/Jun/2021:04:34:20 +0000] "POST /graphql HTTP/1.1" 200 243 "-" "Mozilla/5.0 (Windows NT 10.0; Win64; x64) AppleWebKit/537.36 (KHTML, like Gecko) Chrome/91.0.4472.101 Safari/537.36"
::1 - - [12/Jun/2021:04:34:21 +0000] "POST /graphql HTTP/1.1" 200 243 "-" "Mozilla/5.0 (Windows NT 10.0; Win64; x64) AppleWebKit/537.36 (KHTML, like Gecko) Chrome/91.0.4472.101 Safari/537.36"
::1 - - [12/Jun/2021:04:34:21 +0000] "POST /graphql HTTP/1.1" 200 243 "-" "Mozilla/5.0 (Windows NT 10.0; Win64; x64) AppleWebKit/537.36 (KHTML, like Gecko) Chrome/91.0.4472.101 Safari/537.36"
::1 - - [12/Jun/2021:04:34:21 +0000] "POST /graphql HTTP/1.1" 200 243 "-" "Mozilla/5.0 (Windows NT 10.0; Win64; x64) AppleWebKit/537.36 (KHTML, like Gecko) Chrome/91.0.4472.101 Safari/537.36"
::1 - - [12/Jun/2021:04:34:22 +0000] "POST /graphql HTTP/1.1" 200 243 "-" "Mozilla/5.0 (Windows NT 10.0; Win64; x64) AppleWebKit/537.36 (KHTML, like Gecko) Chrome/91.0.4472.101 Safari/537.36"
::1 - - [12/Jun/2021:04:34:22 +0000] "POST /graphql HTTP/1.1" 200 243 "-" "Mozilla/5.0 (Windows NT 10.0; Win64; x64) AppleWebKit/537.36 (KHTML, like Gecko) Chrome/91.0.4472.101 Safari/537.36"
::1 - - [12/Jun/2021:04:34:22 +0000] "POST /graphql HTTP/1.1" 200 243 "-" "Mozilla/5.0 (Windows NT 10.0; Win64; x64) AppleWebKit/537.36 (KHTML, like Gecko) Chrome/91.0.4472.101 Safari/537.36"
::1 - - [12/Jun/2021:04:34:22 +0000] "POST /graphql HTTP/1.1" 200 243 "-" "Mozilla/5.0 (Windows NT 10.0; Win64; x64) AppleWebKit/537.36 (KHTML, like Gecko) Chrome/91.0.4472.101 Safari/537.36"
::1 - - [12/Jun/2021:04:34:22 +0000] "POST /graphql HTTP/1.1" 200 243 "-" "Mozilla/5.0 (Windows NT 10.0; Win64; x64) AppleWebKit/537.36 (KHTML, like Gecko) Chrome/91.0.4472.101 Safari/537.36"
::1 - - [12/Jun/2021:04:36:54 +0000] "POST /graphql HTTP/1.1" 200 243 "-" "Mozilla/5.0 (Windows NT 10.0; Win64; x64) AppleWebKit/537.36 (KHTML, like Gecko) Chrome/91.0.4472.101 Safari/537.36"
::1 - - [12/Jun/2021:04:36:55 +0000] "POST /graphql HTTP/1.1" 200 243 "-" "Mozilla/5.0 (Windows NT 10.0; Win64; x64) AppleWebKit/537.36 (KHTML, like Gecko) Chrome/91.0.4472.101 Safari/537.36"
::1 - - [12/Jun/2021:04:37:23 +0000] "POST /graphql HTTP/1.1" 200 240 "-" "Mozilla/5.0 (Windows NT 10.0; Win64; x64) AppleWebKit/537.36 (KHTML, like Gecko) Chrome/91.0.4472.101 Safari/537.36"
::1 - - [12/Jun/2021:04:37:24 +0000] "POST /graphql HTTP/1.1" 200 240 "-" "Mozilla/5.0 (Windows NT 10.0; Win64; x64) AppleWebKit/537.36 (KHTML, like Gecko) Chrome/91.0.4472.101 Safari/537.36"
::1 - - [12/Jun/2021:04:37:24 +0000] "POST /graphql HTTP/1.1" 200 240 "-" "Mozilla/5.0 (Windows NT 10.0; Win64; x64) AppleWebKit/537.36 (KHTML, like Gecko) Chrome/91.0.4472.101 Safari/537.36"
::1 - - [12/Jun/2021:04:37:24 +0000] "POST /graphql HTTP/1.1" 200 240 "-" "Mozilla/5.0 (Windows NT 10.0; Win64; x64) AppleWebKit/537.36 (KHTML, like Gecko) Chrome/91.0.4472.101 Safari/537.36"
::1 - - [12/Jun/2021:04:37:25 +0000] "POST /graphql HTTP/1.1" 200 240 "-" "Mozilla/5.0 (Windows NT 10.0; Win64; x64) AppleWebKit/537.36 (KHTML, like Gecko) Chrome/91.0.4472.101 Safari/537.36"
::1 - - [12/Jun/2021:04:37:25 +0000] "POST /graphql HTTP/1.1" 200 240 "-" "Mozilla/5.0 (Windows NT 10.0; Win64; x64) AppleWebKit/537.36 (KHTML, like Gecko) Chrome/91.0.4472.101 Safari/537.36"
::1 - - [12/Jun/2021:04:37:25 +0000] "POST /graphql HTTP/1.1" 200 240 "-" "Mozilla/5.0 (Windows NT 10.0; Win64; x64) AppleWebKit/537.36 (KHTML, like Gecko) Chrome/91.0.4472.101 Safari/537.36"
::1 - - [12/Jun/2021:04:37:40 +0000] "POST /graphql HTTP/1.1" 200 240 "-" "Mozilla/5.0 (Windows NT 10.0; Win64; x64) AppleWebKit/537.36 (KHTML, like Gecko) Chrome/91.0.4472.101 Safari/537.36"
::1 - - [12/Jun/2021:04:37:41 +0000] "POST /graphql HTTP/1.1" 200 240 "-" "Mozilla/5.0 (Windows NT 10.0; Win64; x64) AppleWebKit/537.36 (KHTML, like Gecko) Chrome/91.0.4472.101 Safari/537.36"
::ffff:127.0.0.1 - - [12/Jun/2021:04:37:52 +0000] "POST /graphql HTTP/1.1" 200 240 "-" "Mozilla/5.0 (Windows NT 10.0; Win64; x64) AppleWebKit/537.36 (KHTML, like Gecko) Chrome/91.0.4472.101 Safari/537.36"
::ffff:127.0.0.1 - - [12/Jun/2021:04:37:55 +0000] "POST /graphql HTTP/1.1" 200 240 "-" "Mozilla/5.0 (Windows NT 10.0; Win64; x64) AppleWebKit/537.36 (KHTML, like Gecko) Chrome/91.0.4472.101 Safari/537.36"
::1 - - [12/Jun/2021:04:38:19 +0000] "POST /graphql HTTP/1.1" 200 244 "-" "Mozilla/5.0 (Windows NT 10.0; Win64; x64) AppleWebKit/537.36 (KHTML, like Gecko) Chrome/91.0.4472.101 Safari/537.36"
::1 - - [12/Jun/2021:04:38:32 +0000] "POST /graphql HTTP/1.1" 200 244 "-" "Mozilla/5.0 (Windows NT 10.0; Win64; x64) AppleWebKit/537.36 (KHTML, like Gecko) Chrome/91.0.4472.101 Safari/537.36"
::1 - - [12/Jun/2021:04:39:48 +0000] "POST /graphql HTTP/1.1" 200 244 "-" "Mozilla/5.0 (Windows NT 10.0; Win64; x64) AppleWebKit/537.36 (KHTML, like Gecko) Chrome/91.0.4472.101 Safari/537.36"
::1 - - [12/Jun/2021:04:39:48 +0000] "POST /graphql HTTP/1.1" 200 244 "-" "Mozilla/5.0 (Windows NT 10.0; Win64; x64) AppleWebKit/537.36 (KHTML, like Gecko) Chrome/91.0.4472.101 Safari/537.36"
::1 - - [12/Jun/2021:04:40:48 +0000] "POST /graphql HTTP/1.1" 200 244 "-" "Mozilla/5.0 (Windows NT 10.0; Win64; x64) AppleWebKit/537.36 (KHTML, like Gecko) Chrome/91.0.4472.101 Safari/537.36"
::1 - - [12/Jun/2021:04:41:02 +0000] "POST /graphql HTTP/1.1" 200 240 "-" "Mozilla/5.0 (Windows NT 10.0; Win64; x64) AppleWebKit/537.36 (KHTML, like Gecko) Chrome/91.0.4472.101 Safari/537.36"
::1 - - [12/Jun/2021:04:41:04 +0000] "POST /graphql HTTP/1.1" 200 240 "-" "Mozilla/5.0 (Windows NT 10.0; Win64; x64) AppleWebKit/537.36 (KHTML, like Gecko) Chrome/91.0.4472.101 Safari/537.36"
::1 - - [12/Jun/2021:04:42:57 +0000] "POST /graphql HTTP/1.1" 200 286 "-" "Mozilla/5.0 (Windows NT 10.0; Win64; x64) AppleWebKit/537.36 (KHTML, like Gecko) Chrome/91.0.4472.101 Safari/537.36"
::1 - - [12/Jun/2021:04:43:56 +0000] "POST /graphql HTTP/1.1" 200 164 "-" "Mozilla/5.0 (Windows NT 10.0; Win64; x64) AppleWebKit/537.36 (KHTML, like Gecko) Chrome/91.0.4472.101 Safari/537.36"
::1 - - [12/Jun/2021:04:47:22 +0000] "POST /graphql HTTP/1.1" 200 164 "-" "Mozilla/5.0 (Windows NT 10.0; Win64; x64) AppleWebKit/537.36 (KHTML, like Gecko) Chrome/91.0.4472.101 Safari/537.36"
::1 - - [12/Jun/2021:04:48:22 +0000] "POST /graphql HTTP/1.1" 200 164 "-" "Mozilla/5.0 (Windows NT 10.0; Win64; x64) AppleWebKit/537.36 (KHTML, like Gecko) Chrome/91.0.4472.101 Safari/537.36"
::1 - - [12/Jun/2021:04:49:45 +0000] "POST /graphql HTTP/1.1" 200 298 "-" "Mozilla/5.0 (Windows NT 10.0; Win64; x64) AppleWebKit/537.36 (KHTML, like Gecko) Chrome/91.0.4472.101 Safari/537.36"
::1 - - [12/Jun/2021:04:50:06 +0000] "POST /graphql HTTP/1.1" 200 164 "-" "Mozilla/5.0 (Windows NT 10.0; Win64; x64) AppleWebKit/537.36 (KHTML, like Gecko) Chrome/91.0.4472.101 Safari/537.36"
::1 - - [12/Jun/2021:04:51:05 +0000] "POST /graphql HTTP/1.1" 200 359 "-" "Mozilla/5.0 (Windows NT 10.0; Win64; x64) AppleWebKit/537.36 (KHTML, like Gecko) Chrome/91.0.4472.101 Safari/537.36"
::1 - - [12/Jun/2021:04:51:11 +0000] "POST /graphql HTTP/1.1" 200 359 "-" "Mozilla/5.0 (Windows NT 10.0; Win64; x64) AppleWebKit/537.36 (KHTML, like Gecko) Chrome/91.0.4472.101 Safari/537.36"
::1 - - [12/Jun/2021:04:51:12 +0000] "POST /graphql HTTP/1.1" 200 359 "-" "Mozilla/5.0 (Windows NT 10.0; Win64; x64) AppleWebKit/537.36 (KHTML, like Gecko) Chrome/91.0.4472.101 Safari/537.36"
::1 - - [12/Jun/2021:04:51:13 +0000] "POST /graphql HTTP/1.1" 200 359 "-" "Mozilla/5.0 (Windows NT 10.0; Win64; x64) AppleWebKit/537.36 (KHTML, like Gecko) Chrome/91.0.4472.101 Safari/537.36"
::1 - - [12/Jun/2021:04:51:25 +0000] "POST /graphql HTTP/1.1" 200 359 "-" "Mozilla/5.0 (Windows NT 10.0; Win64; x64) AppleWebKit/537.36 (KHTML, like Gecko) Chrome/91.0.4472.101 Safari/537.36"
::1 - - [12/Jun/2021:04:51:41 +0000] "POST /graphql HTTP/1.1" 200 359 "-" "Mozilla/5.0 (Windows NT 10.0; Win64; x64) AppleWebKit/537.36 (KHTML, like Gecko) Chrome/91.0.4472.101 Safari/537.36"
::1 - - [12/Jun/2021:04:52:07 +0000] "POST /graphql HTTP/1.1" 200 41765 "-" "Mozilla/5.0 (Windows NT 10.0; Win64; x64) AppleWebKit/537.36 (KHTML, like Gecko) Chrome/91.0.4472.101 Safari/537.36"
::1 - - [12/Jun/2021:04:52:10 +0000] "POST /graphql HTTP/1.1" 200 359 "-" "Mozilla/5.0 (Windows NT 10.0; Win64; x64) AppleWebKit/537.36 (KHTML, like Gecko) Chrome/91.0.4472.101 Safari/537.36"
::1 - - [12/Jun/2021:04:53:27 +0000] "POST /graphql HTTP/1.1" 200 359 "-" "Mozilla/5.0 (Windows NT 10.0; Win64; x64) AppleWebKit/537.36 (KHTML, like Gecko) Chrome/91.0.4472.101 Safari/537.36"
::1 - - [12/Jun/2021:04:54:30 +0000] "POST /graphql HTTP/1.1" 200 240 "-" "Mozilla/5.0 (Windows NT 10.0; Win64; x64) AppleWebKit/537.36 (KHTML, like Gecko) Chrome/91.0.4472.101 Safari/537.36"
::1 - - [12/Jun/2021:04:54:43 +0000] "POST /graphql HTTP/1.1" 200 240 "-" "Mozilla/5.0 (Windows NT 10.0; Win64; x64) AppleWebKit/537.36 (KHTML, like Gecko) Chrome/91.0.4472.101 Safari/537.36"
::1 - - [12/Jun/2021:04:55:03 +0000] "POST /graphql HTTP/1.1" 200 240 "-" "Mozilla/5.0 (Windows NT 10.0; Win64; x64) AppleWebKit/537.36 (KHTML, like Gecko) Chrome/91.0.4472.101 Safari/537.36"
::ffff:127.0.0.1 - - [12/Jun/2021:04:55:37 +0000] "POST /graphql HTTP/1.1" 200 240 "-" "Mozilla/5.0 (Windows NT 10.0; Win64; x64) AppleWebKit/537.36 (KHTML, like Gecko) Chrome/91.0.4472.101 Safari/537.36"
::ffff:127.0.0.1 - - [12/Jun/2021:04:55:39 +0000] "POST /graphql HTTP/1.1" 200 240 "-" "Mozilla/5.0 (Windows NT 10.0; Win64; x64) AppleWebKit/537.36 (KHTML, like Gecko) Chrome/91.0.4472.101 Safari/537.36"
::1 - - [12/Jun/2021:04:56:01 +0000] "POST /graphql HTTP/1.1" 200 331 "-" "Mozilla/5.0 (Windows NT 10.0; Win64; x64) AppleWebKit/537.36 (KHTML, like Gecko) Chrome/91.0.4472.101 Safari/537.36"
::1 - - [12/Jun/2021:04:56:09 +0000] "POST /graphql HTTP/1.1" 200 331 "-" "Mozilla/5.0 (Windows NT 10.0; Win64; x64) AppleWebKit/537.36 (KHTML, like Gecko) Chrome/91.0.4472.101 Safari/537.36"
::1 - - [12/Jun/2021:04:56:13 +0000] "POST /graphql HTTP/1.1" 200 331 "-" "Mozilla/5.0 (Windows NT 10.0; Win64; x64) AppleWebKit/537.36 (KHTML, like Gecko) Chrome/91.0.4472.101 Safari/537.36"
::1 - - [12/Jun/2021:04:56:24 +0000] "POST /graphql HTTP/1.1" 200 331 "-" "Mozilla/5.0 (Windows NT 10.0; Win64; x64) AppleWebKit/537.36 (KHTML, like Gecko) Chrome/91.0.4472.101 Safari/537.36"
::1 - - [12/Jun/2021:04:56:53 +0000] "POST /graphql HTTP/1.1" 200 331 "-" "Mozilla/5.0 (Windows NT 10.0; Win64; x64) AppleWebKit/537.36 (KHTML, like Gecko) Chrome/91.0.4472.101 Safari/537.36"
::1 - - [12/Jun/2021:04:56:55 +0000] "POST /graphql HTTP/1.1" 200 331 "-" "Mozilla/5.0 (Windows NT 10.0; Win64; x64) AppleWebKit/537.36 (KHTML, like Gecko) Chrome/91.0.4472.101 Safari/537.36"
::1 - - [12/Jun/2021:04:56:55 +0000] "POST /graphql HTTP/1.1" 200 331 "-" "Mozilla/5.0 (Windows NT 10.0; Win64; x64) AppleWebKit/537.36 (KHTML, like Gecko) Chrome/91.0.4472.101 Safari/537.36"
::1 - - [12/Jun/2021:04:56:56 +0000] "POST /graphql HTTP/1.1" 200 331 "-" "Mozilla/5.0 (Windows NT 10.0; Win64; x64) AppleWebKit/537.36 (KHTML, like Gecko) Chrome/91.0.4472.101 Safari/537.36"
::1 - - [12/Jun/2021:04:56:56 +0000] "POST /graphql HTTP/1.1" 200 331 "-" "Mozilla/5.0 (Windows NT 10.0; Win64; x64) AppleWebKit/537.36 (KHTML, like Gecko) Chrome/91.0.4472.101 Safari/537.36"
::1 - - [12/Jun/2021:04:56:57 +0000] "POST /graphql HTTP/1.1" 200 331 "-" "Mozilla/5.0 (Windows NT 10.0; Win64; x64) AppleWebKit/537.36 (KHTML, like Gecko) Chrome/91.0.4472.101 Safari/537.36"
::1 - - [12/Jun/2021:04:56:57 +0000] "POST /graphql HTTP/1.1" 200 331 "-" "Mozilla/5.0 (Windows NT 10.0; Win64; x64) AppleWebKit/537.36 (KHTML, like Gecko) Chrome/91.0.4472.101 Safari/537.36"
::1 - - [12/Jun/2021:04:56:57 +0000] "POST /graphql HTTP/1.1" 200 331 "-" "Mozilla/5.0 (Windows NT 10.0; Win64; x64) AppleWebKit/537.36 (KHTML, like Gecko) Chrome/91.0.4472.101 Safari/537.36"
::1 - - [12/Jun/2021:04:56:57 +0000] "POST /graphql HTTP/1.1" 200 331 "-" "Mozilla/5.0 (Windows NT 10.0; Win64; x64) AppleWebKit/537.36 (KHTML, like Gecko) Chrome/91.0.4472.101 Safari/537.36"
::1 - - [12/Jun/2021:04:56:58 +0000] "POST /graphql HTTP/1.1" 200 331 "-" "Mozilla/5.0 (Windows NT 10.0; Win64; x64) AppleWebKit/537.36 (KHTML, like Gecko) Chrome/91.0.4472.101 Safari/537.36"
::1 - - [12/Jun/2021:04:56:59 +0000] "POST /graphql HTTP/1.1" 200 331 "-" "Mozilla/5.0 (Windows NT 10.0; Win64; x64) AppleWebKit/537.36 (KHTML, like Gecko) Chrome/91.0.4472.101 Safari/537.36"
::1 - - [12/Jun/2021:04:56:59 +0000] "POST /graphql HTTP/1.1" 200 331 "-" "Mozilla/5.0 (Windows NT 10.0; Win64; x64) AppleWebKit/537.36 (KHTML, like Gecko) Chrome/91.0.4472.101 Safari/537.36"
::1 - - [12/Jun/2021:04:57:00 +0000] "POST /graphql HTTP/1.1" 200 331 "-" "Mozilla/5.0 (Windows NT 10.0; Win64; x64) AppleWebKit/537.36 (KHTML, like Gecko) Chrome/91.0.4472.101 Safari/537.36"
::1 - - [12/Jun/2021:04:57:01 +0000] "POST /graphql HTTP/1.1" 200 331 "-" "Mozilla/5.0 (Windows NT 10.0; Win64; x64) AppleWebKit/537.36 (KHTML, like Gecko) Chrome/91.0.4472.101 Safari/537.36"
::1 - - [12/Jun/2021:04:57:01 +0000] "POST /graphql HTTP/1.1" 200 331 "-" "Mozilla/5.0 (Windows NT 10.0; Win64; x64) AppleWebKit/537.36 (KHTML, like Gecko) Chrome/91.0.4472.101 Safari/537.36"
::1 - - [12/Jun/2021:04:57:02 +0000] "POST /graphql HTTP/1.1" 200 331 "-" "Mozilla/5.0 (Windows NT 10.0; Win64; x64) AppleWebKit/537.36 (KHTML, like Gecko) Chrome/91.0.4472.101 Safari/537.36"
::1 - - [12/Jun/2021:04:57:03 +0000] "POST /graphql HTTP/1.1" 200 331 "-" "Mozilla/5.0 (Windows NT 10.0; Win64; x64) AppleWebKit/537.36 (KHTML, like Gecko) Chrome/91.0.4472.101 Safari/537.36"
::1 - - [12/Jun/2021:04:57:03 +0000] "POST /graphql HTTP/1.1" 200 331 "-" "Mozilla/5.0 (Windows NT 10.0; Win64; x64) AppleWebKit/537.36 (KHTML, like Gecko) Chrome/91.0.4472.101 Safari/537.36"
::1 - - [12/Jun/2021:04:57:12 +0000] "POST /graphql HTTP/1.1" 200 331 "-" "Mozilla/5.0 (Windows NT 10.0; Win64; x64) AppleWebKit/537.36 (KHTML, like Gecko) Chrome/91.0.4472.101 Safari/537.36"
::1 - - [12/Jun/2021:04:57:16 +0000] "POST /graphql HTTP/1.1" 200 331 "-" "Mozilla/5.0 (Windows NT 10.0; Win64; x64) AppleWebKit/537.36 (KHTML, like Gecko) Chrome/91.0.4472.101 Safari/537.36"
::1 - - [12/Jun/2021:04:57:17 +0000] "POST /graphql HTTP/1.1" 200 331 "-" "Mozilla/5.0 (Windows NT 10.0; Win64; x64) AppleWebKit/537.36 (KHTML, like Gecko) Chrome/91.0.4472.101 Safari/537.36"
::1 - - [12/Jun/2021:04:57:18 +0000] "POST /graphql HTTP/1.1" 200 331 "-" "Mozilla/5.0 (Windows NT 10.0; Win64; x64) AppleWebKit/537.36 (KHTML, like Gecko) Chrome/91.0.4472.101 Safari/537.36"
::1 - - [12/Jun/2021:04:57:18 +0000] "POST /graphql HTTP/1.1" 200 331 "-" "Mozilla/5.0 (Windows NT 10.0; Win64; x64) AppleWebKit/537.36 (KHTML, like Gecko) Chrome/91.0.4472.101 Safari/537.36"
::1 - - [12/Jun/2021:04:58:03 +0000] "POST /graphql HTTP/1.1" 200 252 "-" "Mozilla/5.0 (Windows NT 10.0; Win64; x64) AppleWebKit/537.36 (KHTML, like Gecko) Chrome/91.0.4472.101 Safari/537.36"
::1 - - [12/Jun/2021:04:58:05 +0000] "POST /graphql HTTP/1.1" 200 252 "-" "Mozilla/5.0 (Windows NT 10.0; Win64; x64) AppleWebKit/537.36 (KHTML, like Gecko) Chrome/91.0.4472.101 Safari/537.36"
::1 - - [12/Jun/2021:04:58:06 +0000] "POST /graphql HTTP/1.1" 200 252 "-" "Mozilla/5.0 (Windows NT 10.0; Win64; x64) AppleWebKit/537.36 (KHTML, like Gecko) Chrome/91.0.4472.101 Safari/537.36"
::1 - - [12/Jun/2021:04:58:06 +0000] "POST /graphql HTTP/1.1" 200 252 "-" "Mozilla/5.0 (Windows NT 10.0; Win64; x64) AppleWebKit/537.36 (KHTML, like Gecko) Chrome/91.0.4472.101 Safari/537.36"
::1 - - [12/Jun/2021:04:58:07 +0000] "POST /graphql HTTP/1.1" 200 252 "-" "Mozilla/5.0 (Windows NT 10.0; Win64; x64) AppleWebKit/537.36 (KHTML, like Gecko) Chrome/91.0.4472.101 Safari/537.36"
::1 - - [12/Jun/2021:04:58:07 +0000] "POST /graphql HTTP/1.1" 200 252 "-" "Mozilla/5.0 (Windows NT 10.0; Win64; x64) AppleWebKit/537.36 (KHTML, like Gecko) Chrome/91.0.4472.101 Safari/537.36"
::1 - - [12/Jun/2021:04:58:07 +0000] "POST /graphql HTTP/1.1" 200 252 "-" "Mozilla/5.0 (Windows NT 10.0; Win64; x64) AppleWebKit/537.36 (KHTML, like Gecko) Chrome/91.0.4472.101 Safari/537.36"
::1 - - [12/Jun/2021:04:58:08 +0000] "POST /graphql HTTP/1.1" 200 252 "-" "Mozilla/5.0 (Windows NT 10.0; Win64; x64) AppleWebKit/537.36 (KHTML, like Gecko) Chrome/91.0.4472.101 Safari/537.36"
::1 - - [12/Jun/2021:04:58:08 +0000] "POST /graphql HTTP/1.1" 200 252 "-" "Mozilla/5.0 (Windows NT 10.0; Win64; x64) AppleWebKit/537.36 (KHTML, like Gecko) Chrome/91.0.4472.101 Safari/537.36"
::1 - - [12/Jun/2021:04:58:08 +0000] "POST /graphql HTTP/1.1" 200 252 "-" "Mozilla/5.0 (Windows NT 10.0; Win64; x64) AppleWebKit/537.36 (KHTML, like Gecko) Chrome/91.0.4472.101 Safari/537.36"
::1 - - [12/Jun/2021:04:58:09 +0000] "POST /graphql HTTP/1.1" 200 252 "-" "Mozilla/5.0 (Windows NT 10.0; Win64; x64) AppleWebKit/537.36 (KHTML, like Gecko) Chrome/91.0.4472.101 Safari/537.36"
::1 - - [12/Jun/2021:04:58:09 +0000] "POST /graphql HTTP/1.1" 200 252 "-" "Mozilla/5.0 (Windows NT 10.0; Win64; x64) AppleWebKit/537.36 (KHTML, like Gecko) Chrome/91.0.4472.101 Safari/537.36"
::1 - - [12/Jun/2021:04:58:09 +0000] "POST /graphql HTTP/1.1" 200 252 "-" "Mozilla/5.0 (Windows NT 10.0; Win64; x64) AppleWebKit/537.36 (KHTML, like Gecko) Chrome/91.0.4472.101 Safari/537.36"
::1 - - [12/Jun/2021:04:58:10 +0000] "POST /graphql HTTP/1.1" 200 252 "-" "Mozilla/5.0 (Windows NT 10.0; Win64; x64) AppleWebKit/537.36 (KHTML, like Gecko) Chrome/91.0.4472.101 Safari/537.36"
::1 - - [12/Jun/2021:04:58:11 +0000] "POST /graphql HTTP/1.1" 200 252 "-" "Mozilla/5.0 (Windows NT 10.0; Win64; x64) AppleWebKit/537.36 (KHTML, like Gecko) Chrome/91.0.4472.101 Safari/537.36"
::1 - - [12/Jun/2021:04:58:23 +0000] "POST /graphql HTTP/1.1" 200 331 "-" "Mozilla/5.0 (Windows NT 10.0; Win64; x64) AppleWebKit/537.36 (KHTML, like Gecko) Chrome/91.0.4472.101 Safari/537.36"
::1 - - [12/Jun/2021:04:58:24 +0000] "POST /graphql HTTP/1.1" 200 331 "-" "Mozilla/5.0 (Windows NT 10.0; Win64; x64) AppleWebKit/537.36 (KHTML, like Gecko) Chrome/91.0.4472.101 Safari/537.36"
::1 - - [12/Jun/2021:04:58:25 +0000] "POST /graphql HTTP/1.1" 200 331 "-" "Mozilla/5.0 (Windows NT 10.0; Win64; x64) AppleWebKit/537.36 (KHTML, like Gecko) Chrome/91.0.4472.101 Safari/537.36"
::1 - - [12/Jun/2021:04:58:26 +0000] "POST /graphql HTTP/1.1" 200 331 "-" "Mozilla/5.0 (Windows NT 10.0; Win64; x64) AppleWebKit/537.36 (KHTML, like Gecko) Chrome/91.0.4472.101 Safari/537.36"
::1 - - [12/Jun/2021:04:58:27 +0000] "POST /graphql HTTP/1.1" 200 331 "-" "Mozilla/5.0 (Windows NT 10.0; Win64; x64) AppleWebKit/537.36 (KHTML, like Gecko) Chrome/91.0.4472.101 Safari/537.36"
::1 - - [12/Jun/2021:04:58:27 +0000] "POST /graphql HTTP/1.1" 200 331 "-" "Mozilla/5.0 (Windows NT 10.0; Win64; x64) AppleWebKit/537.36 (KHTML, like Gecko) Chrome/91.0.4472.101 Safari/537.36"
::1 - - [12/Jun/2021:04:58:28 +0000] "POST /graphql HTTP/1.1" 200 331 "-" "Mozilla/5.0 (Windows NT 10.0; Win64; x64) AppleWebKit/537.36 (KHTML, like Gecko) Chrome/91.0.4472.101 Safari/537.36"
::1 - - [12/Jun/2021:04:58:29 +0000] "POST /graphql HTTP/1.1" 200 331 "-" "Mozilla/5.0 (Windows NT 10.0; Win64; x64) AppleWebKit/537.36 (KHTML, like Gecko) Chrome/91.0.4472.101 Safari/537.36"
::1 - - [12/Jun/2021:04:58:53 +0000] "POST /graphql HTTP/1.1" 200 331 "-" "Mozilla/5.0 (Windows NT 10.0; Win64; x64) AppleWebKit/537.36 (KHTML, like Gecko) Chrome/91.0.4472.101 Safari/537.36"
::1 - - [12/Jun/2021:04:58:54 +0000] "POST /graphql HTTP/1.1" 200 331 "-" "Mozilla/5.0 (Windows NT 10.0; Win64; x64) AppleWebKit/537.36 (KHTML, like Gecko) Chrome/91.0.4472.101 Safari/537.36"
::1 - - [12/Jun/2021:04:58:54 +0000] "POST /graphql HTTP/1.1" 200 331 "-" "Mozilla/5.0 (Windows NT 10.0; Win64; x64) AppleWebKit/537.36 (KHTML, like Gecko) Chrome/91.0.4472.101 Safari/537.36"
::1 - - [12/Jun/2021:04:58:55 +0000] "POST /graphql HTTP/1.1" 200 331 "-" "Mozilla/5.0 (Windows NT 10.0; Win64; x64) AppleWebKit/537.36 (KHTML, like Gecko) Chrome/91.0.4472.101 Safari/537.36"
::1 - - [12/Jun/2021:04:58:55 +0000] "POST /graphql HTTP/1.1" 200 331 "-" "Mozilla/5.0 (Windows NT 10.0; Win64; x64) AppleWebKit/537.36 (KHTML, like Gecko) Chrome/91.0.4472.101 Safari/537.36"
::1 - - [12/Jun/2021:04:58:55 +0000] "POST /graphql HTTP/1.1" 200 331 "-" "Mozilla/5.0 (Windows NT 10.0; Win64; x64) AppleWebKit/537.36 (KHTML, like Gecko) Chrome/91.0.4472.101 Safari/537.36"
::1 - - [12/Jun/2021:04:58:55 +0000] "POST /graphql HTTP/1.1" 200 331 "-" "Mozilla/5.0 (Windows NT 10.0; Win64; x64) AppleWebKit/537.36 (KHTML, like Gecko) Chrome/91.0.4472.101 Safari/537.36"
::1 - - [12/Jun/2021:04:58:56 +0000] "POST /graphql HTTP/1.1" 200 331 "-" "Mozilla/5.0 (Windows NT 10.0; Win64; x64) AppleWebKit/537.36 (KHTML, like Gecko) Chrome/91.0.4472.101 Safari/537.36"
::1 - - [12/Jun/2021:04:59:12 +0000] "POST /graphql HTTP/1.1" 200 331 "-" "Mozilla/5.0 (Windows NT 10.0; Win64; x64) AppleWebKit/537.36 (KHTML, like Gecko) Chrome/91.0.4472.101 Safari/537.36"
::1 - - [12/Jun/2021:04:59:13 +0000] "POST /graphql HTTP/1.1" 200 331 "-" "Mozilla/5.0 (Windows NT 10.0; Win64; x64) AppleWebKit/537.36 (KHTML, like Gecko) Chrome/91.0.4472.101 Safari/537.36"
::1 - - [12/Jun/2021:04:59:14 +0000] "POST /graphql HTTP/1.1" 200 331 "-" "Mozilla/5.0 (Windows NT 10.0; Win64; x64) AppleWebKit/537.36 (KHTML, like Gecko) Chrome/91.0.4472.101 Safari/537.36"
::1 - - [12/Jun/2021:04:59:14 +0000] "POST /graphql HTTP/1.1" 200 331 "-" "Mozilla/5.0 (Windows NT 10.0; Win64; x64) AppleWebKit/537.36 (KHTML, like Gecko) Chrome/91.0.4472.101 Safari/537.36"
::1 - - [12/Jun/2021:04:59:15 +0000] "POST /graphql HTTP/1.1" 200 331 "-" "Mozilla/5.0 (Windows NT 10.0; Win64; x64) AppleWebKit/537.36 (KHTML, like Gecko) Chrome/91.0.4472.101 Safari/537.36"
::1 - - [12/Jun/2021:04:59:18 +0000] "POST /graphql HTTP/1.1" 200 331 "-" "Mozilla/5.0 (Windows NT 10.0; Win64; x64) AppleWebKit/537.36 (KHTML, like Gecko) Chrome/91.0.4472.101 Safari/537.36"
::1 - - [12/Jun/2021:04:59:52 +0000] "POST /graphql HTTP/1.1" 200 331 "-" "Mozilla/5.0 (Windows NT 10.0; Win64; x64) AppleWebKit/537.36 (KHTML, like Gecko) Chrome/91.0.4472.101 Safari/537.36"
::1 - - [12/Jun/2021:04:59:54 +0000] "POST /graphql HTTP/1.1" 200 331 "-" "Mozilla/5.0 (Windows NT 10.0; Win64; x64) AppleWebKit/537.36 (KHTML, like Gecko) Chrome/91.0.4472.101 Safari/537.36"
::1 - - [12/Jun/2021:04:59:55 +0000] "POST /graphql HTTP/1.1" 200 331 "-" "Mozilla/5.0 (Windows NT 10.0; Win64; x64) AppleWebKit/537.36 (KHTML, like Gecko) Chrome/91.0.4472.101 Safari/537.36"
::1 - - [12/Jun/2021:05:00:27 +0000] "POST /graphql HTTP/1.1" 200 331 "-" "Mozilla/5.0 (Windows NT 10.0; Win64; x64) AppleWebKit/537.36 (KHTML, like Gecko) Chrome/91.0.4472.101 Safari/537.36"
::1 - - [12/Jun/2021:05:00:44 +0000] "POST /graphql HTTP/1.1" 200 331 "-" "Mozilla/5.0 (Windows NT 10.0; Win64; x64) AppleWebKit/537.36 (KHTML, like Gecko) Chrome/91.0.4472.101 Safari/537.36"
::1 - - [12/Jun/2021:05:00:54 +0000] "POST /graphql HTTP/1.1" 200 331 "-" "Mozilla/5.0 (Windows NT 10.0; Win64; x64) AppleWebKit/537.36 (KHTML, like Gecko) Chrome/91.0.4472.101 Safari/537.36"
::ffff:127.0.0.1 - - [12/Jun/2021:05:01:46 +0000] "POST /graphql HTTP/1.1" 200 331 "-" "Mozilla/5.0 (Windows NT 10.0; Win64; x64) AppleWebKit/537.36 (KHTML, like Gecko) Chrome/91.0.4472.101 Safari/537.36"
::ffff:127.0.0.1 - - [12/Jun/2021:05:01:50 +0000] "POST /graphql HTTP/1.1" 200 240 "-" "Mozilla/5.0 (Windows NT 10.0; Win64; x64) AppleWebKit/537.36 (KHTML, like Gecko) Chrome/91.0.4472.101 Safari/537.36"
